ERROR StackTrace - Full Stack Trace:
org.grails.taglib.GrailsTagException: [views/asistencia/create.gsp:35] Error executing tag <g:form>: [views/asistencia/create.gsp:30] Error executing tag <f:all>: No signature of method: sistemaasistencias.Asistencia.fecha() is applicable for argument types: (java.util.LinkedHashMap) values: [[nullable:false]]
Possible solutions: each(groovy.lang.Closure), first(), getId(), lock(), merge(), find()
	at org.grails.gsp.GroovyPage.throwRootCause(GroovyPage.java:473)
	at org.grails.gsp.GroovyPage.invokeTag(GroovyPage.java:415)
	at sun.reflect.GeneratedMethodAccessor91.invoke(Unknown Source)
	at sun.reflect.DelegatingMethodAccessorImpl.invoke(DelegatingMethodAccessorImpl.java:43)
	at java.lang.reflect.Method.invoke(Method.java:498)
	at org.springsource.loaded.ri.ReflectiveInterceptor.jlrMethodInvoke(ReflectiveInterceptor.java:1427)
	at org.codehaus.groovy.reflection.CachedMethod.invoke(CachedMethod.java:98)
	at groovy.lang.MetaMethod.doMethodInvoke(MetaMethod.java:325)
	at org.codehaus.groovy.runtime.metaclass.ClosureMetaClass.invokeMethod(ClosureMetaClass.java:352)
	at groovy.lang.MetaClassImpl.invokeMethod(MetaClassImpl.java:1034)
	at org.codehaus.groovy.runtime.callsite.PogoMetaClassSite.callCurrent(PogoMetaClassSite.java:68)
	at org.codehaus.groovy.runtime.callsite.CallSiteArray.defaultCallCurrent(CallSiteArray.java:51)
	at org.codehaus.groovy.runtime.callsite.AbstractCallSite.callCurrent(AbstractCallSite.java:157)
	at home_nicolas_git_SistemaAsistencias_grails_app_views_asistencia_create_gsp$_run_closure2.doCall(home_nicolas_git_SistemaAsistencias_grails_app_views_asistencia_create_gsp:79)
	at sun.reflect.NativeMethodAccessorImpl.invoke0(Native Method)
	at sun.reflect.NativeMethodAccessorImpl.invoke(NativeMethodAccessorImpl.java:62)
	at sun.reflect.DelegatingMethodAccessorImpl.invoke(DelegatingMethodAccessorImpl.java:43)
	at java.lang.reflect.Method.invoke(Method.java:498)
	at org.springsource.loaded.ri.ReflectiveInterceptor.jlrMethodInvoke(ReflectiveInterceptor.java:1427)
	at org.codehaus.groovy.reflection.CachedMethod.invoke(CachedMethod.java:98)
	at groovy.lang.MetaMethod.doMethodInvoke(MetaMethod.java:325)
	at org.codehaus.groovy.runtime.metaclass.ClosureMetaClass.invokeMethod(ClosureMetaClass.java:264)
	at groovy.lang.MetaClassImpl.invokeMethod(MetaClassImpl.java:1034)
	at groovy.lang.Closure.call(Closure.java:420)
	at groovy.lang.Closure.call(Closure.java:414)
	at org.grails.taglib.TagBodyClosure.executeClosure(TagBodyClosure.java:200)
	at org.grails.taglib.TagBodyClosure.captureClosureOutput(TagBodyClosure.java:102)
	at org.grails.taglib.TagBodyClosure.call(TagBodyClosure.java:213)
	at org.grails.plugins.web.taglib.SitemeshTagLib.captureTagContent(SitemeshTagLib.groovy:48)
	at org.grails.plugins.web.taglib.SitemeshTagLib.captureTagContent(SitemeshTagLib.groovy)
	at org.grails.plugins.web.taglib.SitemeshTagLib$_closure3.doCall(SitemeshTagLib.groovy:156)
	at sun.reflect.NativeMethodAccessorImpl.invoke0(Native Method)
	at sun.reflect.NativeMethodAccessorImpl.invoke(NativeMethodAccessorImpl.java:62)
	at sun.reflect.DelegatingMethodAccessorImpl.invoke(DelegatingMethodAccessorImpl.java:43)
	at java.lang.reflect.Method.invoke(Method.java:498)
	at org.springsource.loaded.ri.ReflectiveInterceptor.jlrMethodInvoke(ReflectiveInterceptor.java:1427)
	at org.codehaus.groovy.reflection.CachedMethod.invoke(CachedMethod.java:98)
	at groovy.lang.MetaMethod.doMethodInvoke(MetaMethod.java:325)
	at org.codehaus.groovy.runtime.metaclass.ClosureMetaClass.invokeMethod(ClosureMetaClass.java:264)
	at groovy.lang.MetaClassImpl.invokeMethod(MetaClassImpl.java:1034)
	at groovy.lang.Closure.call(Closure.java:420)
	at org.grails.gsp.GroovyPage.invokeTagLibClosure(GroovyPage.java:446)
	at org.grails.gsp.GroovyPage.invokeTag(GroovyPage.java:364)
	at org.grails.gsp.GroovyPage$invokeTag$4.callCurrent(Unknown Source)
	at org.codehaus.groovy.runtime.callsite.CallSiteArray.defaultCallCurrent(CallSiteArray.java:51)
	at org.codehaus.groovy.runtime.callsite.AbstractCallSite.callCurrent(AbstractCallSite.java:157)
	at home_nicolas_git_SistemaAsistencias_grails_app_views_asistencia_create_gsp.run(home_nicolas_git_SistemaAsistencias_grails_app_views_asistencia_create_gsp:82)
	at org.grails.gsp.GroovyPageWritable.doWriteTo(GroovyPageWritable.java:162)
	at org.grails.gsp.GroovyPageWritable.writeTo(GroovyPageWritable.java:82)
	at org.grails.web.servlet.view.GroovyPageView.renderTemplate(GroovyPageView.java:76)
	at org.grails.web.servlet.view.AbstractGrailsView.renderWithinGrailsWebRequest(AbstractGrailsView.java:71)
	at org.grails.web.servlet.view.AbstractGrailsView.renderMergedOutputModel(AbstractGrailsView.java:55)
	at org.springframework.web.servlet.view.AbstractView.render(AbstractView.java:304)
	at org.grails.web.sitemesh.GrailsLayoutView.renderInnerView(GrailsLayoutView.java:150)
	at org.grails.web.sitemesh.GrailsLayoutView.obtainContent(GrailsLayoutView.java:128)
	at org.grails.web.sitemesh.GrailsLayoutView.renderTemplate(GrailsLayoutView.java:63)
	at org.grails.web.servlet.view.AbstractGrailsView.renderWithinGrailsWebRequest(AbstractGrailsView.java:71)
	at org.grails.web.servlet.view.AbstractGrailsView.renderMergedOutputModel(AbstractGrailsView.java:55)
	at org.springframework.web.servlet.view.AbstractView.render(AbstractView.java:304)
	at org.springframework.web.servlet.DispatcherServlet.render(DispatcherServlet.java:1286)
	at org.springframework.web.servlet.DispatcherServlet.processDispatchResult(DispatcherServlet.java:1041)
	at org.springframework.web.servlet.DispatcherServlet.doDispatch(DispatcherServlet.java:984)
	at org.springframework.web.servlet.DispatcherServlet.doService(DispatcherServlet.java:901)
	at org.springframework.web.servlet.FrameworkServlet.processRequest(FrameworkServlet.java:970)
	at org.springframework.web.servlet.FrameworkServlet.doGet(FrameworkServlet.java:861)
	at javax.servlet.http.HttpServlet.service(HttpServlet.java:634)
	at org.springframework.web.servlet.FrameworkServlet.service(FrameworkServlet.java:846)
	at javax.servlet.http.HttpServlet.service(HttpServlet.java:741)
	at org.apache.catalina.core.ApplicationFilterChain.internalDoFilter(ApplicationFilterChain.java:231)
	at org.apache.catalina.core.ApplicationFilterChain.doFilter(ApplicationFilterChain.java:166)
	at org.apache.tomcat.websocket.server.WsFilter.doFilter(WsFilter.java:52)
	at org.apache.catalina.core.ApplicationFilterChain.internalDoFilter(ApplicationFilterChain.java:193)
	at org.apache.catalina.core.ApplicationFilterChain.doFilter(ApplicationFilterChain.java:166)
	at org.springframework.boot.web.filter.ApplicationContextHeaderFilter.doFilterInternal(ApplicationContextHeaderFilter.java:54)
	at org.springframework.web.filter.OncePerRequestFilter.doFilter(OncePerRequestFilter.java:107)
	at org.apache.catalina.core.ApplicationFilterChain.internalDoFilter(ApplicationFilterChain.java:193)
	at org.apache.catalina.core.ApplicationFilterChain.doFilter(ApplicationFilterChain.java:166)
	at org.springframework.boot.actuate.trace.WebRequestTraceFilter.doFilterInternal(WebRequestTraceFilter.java:111)
	at org.springframework.web.filter.OncePerRequestFilter.doFilter(OncePerRequestFilter.java:107)
	at org.apache.catalina.core.ApplicationFilterChain.internalDoFilter(ApplicationFilterChain.java:193)
	at org.apache.catalina.core.ApplicationFilterChain.doFilter(ApplicationFilterChain.java:166)
	at org.grails.web.servlet.mvc.GrailsWebRequestFilter.doFilterInternal(GrailsWebRequestFilter.java:77)
	at org.springframework.web.filter.OncePerRequestFilter.doFilter(OncePerRequestFilter.java:107)
	at org.apache.catalina.core.ApplicationFilterChain.internalDoFilter(ApplicationFilterChain.java:193)
	at org.apache.catalina.core.ApplicationFilterChain.doFilter(ApplicationFilterChain.java:166)
	at org.grails.web.filters.HiddenHttpMethodFilter.doFilterInternal(HiddenHttpMethodFilter.java:67)
	at org.springframework.web.filter.OncePerRequestFilter.doFilter(OncePerRequestFilter.java:107)
	at org.apache.catalina.core.ApplicationFilterChain.internalDoFilter(ApplicationFilterChain.java:193)
	at org.apache.catalina.core.ApplicationFilterChain.doFilter(ApplicationFilterChain.java:166)
	at org.springframework.web.filter.CharacterEncodingFilter.doFilterInternal(CharacterEncodingFilter.java:197)
	at org.springframework.web.filter.OncePerRequestFilter.doFilter(OncePerRequestFilter.java:107)
	at org.apache.catalina.core.ApplicationFilterChain.internalDoFilter(ApplicationFilterChain.java:193)
	at org.apache.catalina.core.ApplicationFilterChain.doFilter(ApplicationFilterChain.java:166)
	at org.springframework.web.filter.CorsFilter.doFilterInternal(CorsFilter.java:96)
	at org.springframework.web.filter.OncePerRequestFilter.doFilter(OncePerRequestFilter.java:107)
	at org.apache.catalina.core.ApplicationFilterChain.internalDoFilter(ApplicationFilterChain.java:193)
	at org.apache.catalina.core.ApplicationFilterChain.doFilter(ApplicationFilterChain.java:166)
	at org.springframework.boot.actuate.autoconfigure.MetricsFilter.doFilterInternal(MetricsFilter.java:100)
	at org.springframework.web.filter.OncePerRequestFilter.doFilter(OncePerRequestFilter.java:107)
	at org.apache.catalina.core.ApplicationFilterChain.internalDoFilter(ApplicationFilterChain.java:193)
	at org.apache.catalina.core.ApplicationFilterChain.doFilter(ApplicationFilterChain.java:166)
	at org.apache.catalina.core.StandardWrapperValve.invoke(StandardWrapperValve.java:199)
	at org.apache.catalina.core.StandardContextValve.invoke(StandardContextValve.java:96)
	at org.apache.catalina.authenticator.AuthenticatorBase.invoke(AuthenticatorBase.java:493)
	at org.apache.catalina.core.StandardHostValve.invoke(StandardHostValve.java:137)
	at org.apache.catalina.valves.ErrorReportValve.invoke(ErrorReportValve.java:81)
	at org.apache.catalina.core.StandardEngineValve.invoke(StandardEngineValve.java:87)
	at org.apache.catalina.connector.CoyoteAdapter.service(CoyoteAdapter.java:343)
	at org.apache.coyote.http11.Http11Processor.service(Http11Processor.java:798)
	at org.apache.coyote.AbstractProcessorLight.process(AbstractProcessorLight.java:66)
	at org.apache.coyote.AbstractProtocol$ConnectionHandler.process(AbstractProtocol.java:808)
	at org.apache.tomcat.util.net.NioEndpoint$SocketProcessor.doRun(NioEndpoint.java:1498)
	at org.apache.tomcat.util.net.SocketProcessorBase.run(SocketProcessorBase.java:49)
	at java.util.concurrent.ThreadPoolExecutor.runWorker(ThreadPoolExecutor.java:1149)
	at java.util.concurrent.ThreadPoolExecutor$Worker.run(ThreadPoolExecutor.java:624)
	at org.apache.tomcat.util.threads.TaskThread$WrappingRunnable.run(TaskThread.java:61)
	at java.lang.Thread.run(Thread.java:748)
Caused by: org.grails.taglib.GrailsTagException: [views/asistencia/create.gsp:30] Error executing tag <f:all>: No signature of method: sistemaasistencias.Asistencia.fecha() is applicable for argument types: (java.util.LinkedHashMap) values: [[nullable:false]]
Possible solutions: each(groovy.lang.Closure), first(), getId(), lock(), merge(), find()
	at org.grails.gsp.GroovyPage.throwRootCause(GroovyPage.java:473)
	at org.grails.gsp.GroovyPage.invokeTag(GroovyPage.java:415)
	at sun.reflect.GeneratedMethodAccessor91.invoke(Unknown Source)
	at sun.reflect.DelegatingMethodAccessorImpl.invoke(DelegatingMethodAccessorImpl.java:43)
	at java.lang.reflect.Method.invoke(Method.java:498)
	at org.springsource.loaded.ri.ReflectiveInterceptor.jlrMethodInvoke(ReflectiveInterceptor.java:1427)
	at org.codehaus.groovy.reflection.CachedMethod.invoke(CachedMethod.java:98)
	at groovy.lang.MetaMethod.doMethodInvoke(MetaMethod.java:325)
	at org.codehaus.groovy.runtime.metaclass.ClosureMetaClass.invokeMethod(ClosureMetaClass.java:352)
	at groovy.lang.MetaClassImpl.invokeMethod(MetaClassImpl.java:1034)
	at org.codehaus.groovy.runtime.callsite.PogoMetaClassSite.callCurrent(PogoMetaClassSite.java:68)
	at org.codehaus.groovy.runtime.callsite.CallSiteArray.defaultCallCurrent(CallSiteArray.java:51)
	at org.codehaus.groovy.runtime.callsite.AbstractCallSite.callCurrent(AbstractCallSite.java:157)
	at home_nicolas_git_SistemaAsistencias_grails_app_views_asistencia_create_gsp$_run_closure2$_closure24.doCall(home_nicolas_git_SistemaAsistencias_grails_app_views_asistencia_create_gsp:74)
	at sun.reflect.NativeMethodAccessorImpl.invoke0(Native Method)
	at sun.reflect.NativeMethodAccessorImpl.invoke(NativeMethodAccessorImpl.java:62)
	at sun.reflect.DelegatingMethodAccessorImpl.invoke(DelegatingMethodAccessorImpl.java:43)
	at java.lang.reflect.Method.invoke(Method.java:498)
	at org.springsource.loaded.ri.ReflectiveInterceptor.jlrMethodInvoke(ReflectiveInterceptor.java:1427)
	at org.codehaus.groovy.reflection.CachedMethod.invoke(CachedMethod.java:98)
	at groovy.lang.MetaMethod.doMethodInvoke(MetaMethod.java:325)
	at org.codehaus.groovy.runtime.metaclass.ClosureMetaClass.invokeMethod(ClosureMetaClass.java:264)
	at groovy.lang.MetaClassImpl.invokeMethod(MetaClassImpl.java:1034)
	at groovy.lang.Closure.call(Closure.java:420)
	at groovy.lang.Closure.call(Closure.java:414)
	at org.grails.taglib.TagBodyClosure.executeClosure(TagBodyClosure.java:200)
	at org.grails.taglib.TagBodyClosure.captureClosureOutput(TagBodyClosure.java:102)
	at org.grails.taglib.TagBodyClosure.call(TagBodyClosure.java:213)
	at java_util_concurrent_Callable$call.call(Unknown Source)
	at org.codehaus.groovy.runtime.callsite.CallSiteArray.defaultCall(CallSiteArray.java:47)
	at org.codehaus.groovy.runtime.callsite.AbstractCallSite.call(AbstractCallSite.java:116)
	at org.codehaus.groovy.runtime.callsite.AbstractCallSite.call(AbstractCallSite.java:120)
	at org.grails.plugins.web.taglib.FormTagLib$_closure9.doCall(FormTagLib.groovy:455)
	at sun.reflect.NativeMethodAccessorImpl.invoke0(Native Method)
	at sun.reflect.NativeMethodAccessorImpl.invoke(NativeMethodAccessorImpl.java:62)
	at sun.reflect.DelegatingMethodAccessorImpl.invoke(DelegatingMethodAccessorImpl.java:43)
	at java.lang.reflect.Method.invoke(Method.java:498)
	at org.springsource.loaded.ri.ReflectiveInterceptor.jlrMethodInvoke(ReflectiveInterceptor.java:1427)
	at org.codehaus.groovy.reflection.CachedMethod.invoke(CachedMethod.java:98)
	at groovy.lang.MetaMethod.doMethodInvoke(MetaMethod.java:325)
	at org.codehaus.groovy.runtime.metaclass.ClosureMetaClass.invokeMethod(ClosureMetaClass.java:264)
	at groovy.lang.MetaClassImpl.invokeMethod(MetaClassImpl.java:1034)
	at groovy.lang.Closure.call(Closure.java:420)
	at org.grails.gsp.GroovyPage.invokeTagLibClosure(GroovyPage.java:446)
	at org.grails.gsp.GroovyPage.invokeTag(GroovyPage.java:364)
	... 115 common frames omitted
Caused by: groovy.lang.MissingMethodException: No signature of method: sistemaasistencias.Asistencia.fecha() is applicable for argument types: (java.util.LinkedHashMap) values: [[nullable:false]]
Possible solutions: each(groovy.lang.Closure), first(), getId(), lock(), merge(), find()
	at org.codehaus.groovy.runtime.ScriptBytecodeAdapter.unwrap(ScriptBytecodeAdapter.java:71)
	at org.codehaus.groovy.runtime.callsite.PogoMetaClassSite.callCurrent(PogoMetaClassSite.java:80)
	at org.codehaus.groovy.runtime.callsite.CallSiteArray.defaultCallCurrent(CallSiteArray.java:51)
	at org.codehaus.groovy.runtime.callsite.AbstractCallSite.callCurrent(AbstractCallSite.java:157)
	at org.codehaus.groovy.runtime.callsite.AbstractCallSite.callCurrent(AbstractCallSite.java:169)
	at sistemaasistencias.Asistencia$__clinit__closure1.doCall(Asistencia.groovy:13)
	at sistemaasistencias.Asistencia$__clinit__closure1.doCall(Asistencia.groovy)
	at sun.reflect.NativeMethodAccessorImpl.invoke0(Native Method)
	at sun.reflect.NativeMethodAccessorImpl.invoke(NativeMethodAccessorImpl.java:62)
	at sun.reflect.DelegatingMethodAccessorImpl.invoke(DelegatingMethodAccessorImpl.java:43)
	at java.lang.reflect.Method.invoke(Method.java:498)
	at org.springsource.loaded.ri.ReflectiveInterceptor.jlrMethodInvoke(ReflectiveInterceptor.java:1427)
	at org.codehaus.groovy.reflection.CachedMethod.invoke(CachedMethod.java:98)
	at groovy.lang.MetaMethod.doMethodInvoke(MetaMethod.java:325)
	at org.codehaus.groovy.runtime.metaclass.ClosureMetaClass.invokeMethod(ClosureMetaClass.java:264)
	at groovy.lang.MetaClassImpl.invokeMethod(MetaClassImpl.java:1034)
	at groovy.lang.Closure.call(Closure.java:420)
	at sistemaasistencias.Asistencia$__clinit__closure1.call(Asistencia.groovy)
	at groovy.lang.Closure.call(Closure.java:414)
	at sistemaasistencias.Asistencia$__clinit__closure1.call(Asistencia.groovy)
	at org.grails.datastore.gorm.validation.constraints.eval.DefaultConstraintEvaluator.evaluate(DefaultConstraintEvaluator.java:99)
	at org.grails.datastore.gorm.validation.constraints.eval.DefaultConstraintEvaluator.evaluate(DefaultConstraintEvaluator.java:80)
	at org.grails.datastore.gorm.validation.constraints.eval.DefaultConstraintEvaluator.evaluate(DefaultConstraintEvaluator.java:75)
	at grails.gorm.validation.PersistentEntityValidator.<init>(PersistentEntityValidator.groovy:51)
	at org.grails.datastore.gorm.validation.constraints.registry.DefaultValidatorRegistry.getValidator(DefaultValidatorRegistry.groovy:68)
	at org.grails.datastore.gorm.validation.javax.JavaxValidatorRegistry.getValidator(JavaxValidatorRegistry.groovy:105)
	at org.grails.datastore.mapping.model.AbstractMappingContext.getEntityValidator(AbstractMappingContext.java:214)
	at org.grails.scaffolding.model.property.DomainPropertyImpl.<init>(DomainPropertyImpl.groovy:36)
	at org.grails.scaffolding.model.property.DomainPropertyFactoryImpl.build(DomainPropertyFactoryImpl.groovy:26)
	at org.grails.scaffolding.model.DomainModelServiceImpl$_getProperties_closure1.doCall(DomainModelServiceImpl.groovy:49)
	at org.grails.scaffolding.model.DomainModelServiceImpl$_getProperties_closure1.call(DomainModelServiceImpl.groovy)
	at org.codehaus.groovy.runtime.DefaultGroovyMethods.collect(DefaultGroovyMethods.java:3287)
	at org.codehaus.groovy.runtime.DefaultGroovyMethods.collect(DefaultGroovyMethods.java:3257)
	at org.grails.scaffolding.model.DomainModelServiceImpl.getProperties(DomainModelServiceImpl.groovy:48)
	at org.grails.scaffolding.model.DomainModelServiceImpl.getInputProperties(DomainModelServiceImpl.groovy:95)
	at org.grails.scaffolding.model.DomainModelService$getInputProperties.call(Unknown Source)
	at org.codehaus.groovy.runtime.callsite.CallSiteArray.defaultCall(CallSiteArray.java:47)
	at org.codehaus.groovy.runtime.callsite.AbstractCallSite.call(AbstractCallSite.java:116)
	at org.codehaus.groovy.runtime.callsite.AbstractCallSite.call(AbstractCallSite.java:128)
	at grails.plugin.formfields.FormFieldsTagLib.resolvePersistentProperties(FormFieldsTagLib.groovy:540)
	at grails.plugin.formfields.FormFieldsTagLib.resolvePersistentProperties(FormFieldsTagLib.groovy)
	at sun.reflect.NativeMethodAccessorImpl.invoke0(Native Method)
	at sun.reflect.NativeMethodAccessorImpl.invoke(NativeMethodAccessorImpl.java:62)
	at sun.reflect.DelegatingMethodAccessorImpl.invoke(DelegatingMethodAccessorImpl.java:43)
	at java.lang.reflect.Method.invoke(Method.java:498)
	at org.springsource.loaded.ri.ReflectiveInterceptor.jlrMethodInvoke(ReflectiveInterceptor.java:1427)
	at org.codehaus.groovy.reflection.CachedMethod.invoke(CachedMethod.java:98)
	at groovy.lang.MetaMethod.doMethodInvoke(MetaMethod.java:325)
	at org.codehaus.groovy.runtime.metaclass.ClosureMetaClass.invokeMethod(ClosureMetaClass.java:352)
	at groovy.lang.MetaClassImpl.invokeMethod(MetaClassImpl.java:1034)
	at org.codehaus.groovy.runtime.callsite.PogoMetaClassSite.callCurrent(PogoMetaClassSite.java:68)
	at org.codehaus.groovy.runtime.callsite.CallSiteArray.defaultCallCurrent(CallSiteArray.java:51)
	at org.codehaus.groovy.runtime.callsite.AbstractCallSite.callCurrent(AbstractCallSite.java:157)
	at org.codehaus.groovy.runtime.callsite.AbstractCallSite.callCurrent(AbstractCallSite.java:177)
	at grails.plugin.formfields.FormFieldsTagLib$_closure2.doCall(FormFieldsTagLib.groovy:131)
	at sun.reflect.NativeMethodAccessorImpl.invoke0(Native Method)
	at sun.reflect.NativeMethodAccessorImpl.invoke(NativeMethodAccessorImpl.java:62)
	at sun.reflect.DelegatingMethodAccessorImpl.invoke(DelegatingMethodAccessorImpl.java:43)
	at java.lang.reflect.Method.invoke(Method.java:498)
	at org.springsource.loaded.ri.ReflectiveInterceptor.jlrMethodInvoke(ReflectiveInterceptor.java:1427)
	at org.codehaus.groovy.reflection.CachedMethod.invoke(CachedMethod.java:98)
	at groovy.lang.MetaMethod.doMethodInvoke(MetaMethod.java:325)
	at org.codehaus.groovy.runtime.metaclass.ClosureMetaClass.invokeMethod(ClosureMetaClass.java:264)
	at groovy.lang.MetaClassImpl.invokeMethod(MetaClassImpl.java:1034)
	at groovy.lang.Closure.call(Closure.java:420)
	at org.grails.gsp.GroovyPage.invokeTagLibClosure(GroovyPage.java:439)
	at org.grails.gsp.GroovyPage.invokeTag(GroovyPage.java:364)
	... 158 common frames omitted
ERROR StackTrace - Full Stack Trace:
org.grails.taglib.GrailsTagException: [views/asistencia/create.gsp:30] Error executing tag <f:all>: No signature of method: sistemaasistencias.Asistencia.fecha() is applicable for argument types: (java.util.LinkedHashMap) values: [[nullable:false]]
Possible solutions: each(groovy.lang.Closure), first(), getId(), lock(), merge(), find()
	at org.grails.gsp.GroovyPage.throwRootCause(GroovyPage.java:473)
	at org.grails.gsp.GroovyPage.invokeTag(GroovyPage.java:415)
	at sun.reflect.GeneratedMethodAccessor91.invoke(Unknown Source)
	at sun.reflect.DelegatingMethodAccessorImpl.invoke(DelegatingMethodAccessorImpl.java:43)
	at java.lang.reflect.Method.invoke(Method.java:498)
	at org.springsource.loaded.ri.ReflectiveInterceptor.jlrMethodInvoke(ReflectiveInterceptor.java:1427)
	at org.codehaus.groovy.reflection.CachedMethod.invoke(CachedMethod.java:98)
	at groovy.lang.MetaMethod.doMethodInvoke(MetaMethod.java:325)
	at org.codehaus.groovy.runtime.metaclass.ClosureMetaClass.invokeMethod(ClosureMetaClass.java:352)
	at groovy.lang.MetaClassImpl.invokeMethod(MetaClassImpl.java:1034)
	at org.codehaus.groovy.runtime.callsite.PogoMetaClassSite.callCurrent(PogoMetaClassSite.java:68)
	at org.codehaus.groovy.runtime.callsite.CallSiteArray.defaultCallCurrent(CallSiteArray.java:51)
	at org.codehaus.groovy.runtime.callsite.AbstractCallSite.callCurrent(AbstractCallSite.java:157)
	at home_nicolas_git_SistemaAsistencias_grails_app_views_asistencia_create_gsp$_run_closure2$_closure24.doCall(home_nicolas_git_SistemaAsistencias_grails_app_views_asistencia_create_gsp:74)
	at sun.reflect.NativeMethodAccessorImpl.invoke0(Native Method)
	at sun.reflect.NativeMethodAccessorImpl.invoke(NativeMethodAccessorImpl.java:62)
	at sun.reflect.DelegatingMethodAccessorImpl.invoke(DelegatingMethodAccessorImpl.java:43)
	at java.lang.reflect.Method.invoke(Method.java:498)
	at org.springsource.loaded.ri.ReflectiveInterceptor.jlrMethodInvoke(ReflectiveInterceptor.java:1427)
	at org.codehaus.groovy.reflection.CachedMethod.invoke(CachedMethod.java:98)
	at groovy.lang.MetaMethod.doMethodInvoke(MetaMethod.java:325)
	at org.codehaus.groovy.runtime.metaclass.ClosureMetaClass.invokeMethod(ClosureMetaClass.java:264)
	at groovy.lang.MetaClassImpl.invokeMethod(MetaClassImpl.java:1034)
	at groovy.lang.Closure.call(Closure.java:420)
	at groovy.lang.Closure.call(Closure.java:414)
	at org.grails.taglib.TagBodyClosure.executeClosure(TagBodyClosure.java:200)
	at org.grails.taglib.TagBodyClosure.captureClosureOutput(TagBodyClosure.java:102)
	at org.grails.taglib.TagBodyClosure.call(TagBodyClosure.java:213)
	at java_util_concurrent_Callable$call.call(Unknown Source)
	at org.codehaus.groovy.runtime.callsite.CallSiteArray.defaultCall(CallSiteArray.java:47)
	at org.codehaus.groovy.runtime.callsite.AbstractCallSite.call(AbstractCallSite.java:116)
	at org.codehaus.groovy.runtime.callsite.AbstractCallSite.call(AbstractCallSite.java:120)
	at org.grails.plugins.web.taglib.FormTagLib$_closure9.doCall(FormTagLib.groovy:455)
	at sun.reflect.NativeMethodAccessorImpl.invoke0(Native Method)
	at sun.reflect.NativeMethodAccessorImpl.invoke(NativeMethodAccessorImpl.java:62)
	at sun.reflect.DelegatingMethodAccessorImpl.invoke(DelegatingMethodAccessorImpl.java:43)
	at java.lang.reflect.Method.invoke(Method.java:498)
	at org.springsource.loaded.ri.ReflectiveInterceptor.jlrMethodInvoke(ReflectiveInterceptor.java:1427)
	at org.codehaus.groovy.reflection.CachedMethod.invoke(CachedMethod.java:98)
	at groovy.lang.MetaMethod.doMethodInvoke(MetaMethod.java:325)
	at org.codehaus.groovy.runtime.metaclass.ClosureMetaClass.invokeMethod(ClosureMetaClass.java:264)
	at groovy.lang.MetaClassImpl.invokeMethod(MetaClassImpl.java:1034)
	at groovy.lang.Closure.call(Closure.java:420)
	at org.grails.gsp.GroovyPage.invokeTagLibClosure(GroovyPage.java:446)
	at org.grails.gsp.GroovyPage.invokeTag(GroovyPage.java:364)
	at sun.reflect.GeneratedMethodAccessor91.invoke(Unknown Source)
	at sun.reflect.DelegatingMethodAccessorImpl.invoke(DelegatingMethodAccessorImpl.java:43)
	at java.lang.reflect.Method.invoke(Method.java:498)
	at org.springsource.loaded.ri.ReflectiveInterceptor.jlrMethodInvoke(ReflectiveInterceptor.java:1427)
	at org.codehaus.groovy.reflection.CachedMethod.invoke(CachedMethod.java:98)
	at groovy.lang.MetaMethod.doMethodInvoke(MetaMethod.java:325)
	at org.codehaus.groovy.runtime.metaclass.ClosureMetaClass.invokeMethod(ClosureMetaClass.java:352)
	at groovy.lang.MetaClassImpl.invokeMethod(MetaClassImpl.java:1034)
	at org.codehaus.groovy.runtime.callsite.PogoMetaClassSite.callCurrent(PogoMetaClassSite.java:68)
	at org.codehaus.groovy.runtime.callsite.CallSiteArray.defaultCallCurrent(CallSiteArray.java:51)
	at org.codehaus.groovy.runtime.callsite.AbstractCallSite.callCurrent(AbstractCallSite.java:157)
	at home_nicolas_git_SistemaAsistencias_grails_app_views_asistencia_create_gsp$_run_closure2.doCall(home_nicolas_git_SistemaAsistencias_grails_app_views_asistencia_create_gsp:79)
	at sun.reflect.NativeMethodAccessorImpl.invoke0(Native Method)
	at sun.reflect.NativeMethodAccessorImpl.invoke(NativeMethodAccessorImpl.java:62)
	at sun.reflect.DelegatingMethodAccessorImpl.invoke(DelegatingMethodAccessorImpl.java:43)
	at java.lang.reflect.Method.invoke(Method.java:498)
	at org.springsource.loaded.ri.ReflectiveInterceptor.jlrMethodInvoke(ReflectiveInterceptor.java:1427)
	at org.codehaus.groovy.reflection.CachedMethod.invoke(CachedMethod.java:98)
	at groovy.lang.MetaMethod.doMethodInvoke(MetaMethod.java:325)
	at org.codehaus.groovy.runtime.metaclass.ClosureMetaClass.invokeMethod(ClosureMetaClass.java:264)
	at groovy.lang.MetaClassImpl.invokeMethod(MetaClassImpl.java:1034)
	at groovy.lang.Closure.call(Closure.java:420)
	at groovy.lang.Closure.call(Closure.java:414)
	at org.grails.taglib.TagBodyClosure.executeClosure(TagBodyClosure.java:200)
	at org.grails.taglib.TagBodyClosure.captureClosureOutput(TagBodyClosure.java:102)
	at org.grails.taglib.TagBodyClosure.call(TagBodyClosure.java:213)
	at org.grails.plugins.web.taglib.SitemeshTagLib.captureTagContent(SitemeshTagLib.groovy:48)
	at org.grails.plugins.web.taglib.SitemeshTagLib.captureTagContent(SitemeshTagLib.groovy)
	at org.grails.plugins.web.taglib.SitemeshTagLib$_closure3.doCall(SitemeshTagLib.groovy:156)
	at sun.reflect.NativeMethodAccessorImpl.invoke0(Native Method)
	at sun.reflect.NativeMethodAccessorImpl.invoke(NativeMethodAccessorImpl.java:62)
	at sun.reflect.DelegatingMethodAccessorImpl.invoke(DelegatingMethodAccessorImpl.java:43)
	at java.lang.reflect.Method.invoke(Method.java:498)
	at org.springsource.loaded.ri.ReflectiveInterceptor.jlrMethodInvoke(ReflectiveInterceptor.java:1427)
	at org.codehaus.groovy.reflection.CachedMethod.invoke(CachedMethod.java:98)
	at groovy.lang.MetaMethod.doMethodInvoke(MetaMethod.java:325)
	at org.codehaus.groovy.runtime.metaclass.ClosureMetaClass.invokeMethod(ClosureMetaClass.java:264)
	at groovy.lang.MetaClassImpl.invokeMethod(MetaClassImpl.java:1034)
	at groovy.lang.Closure.call(Closure.java:420)
	at org.grails.gsp.GroovyPage.invokeTagLibClosure(GroovyPage.java:446)
	at org.grails.gsp.GroovyPage.invokeTag(GroovyPage.java:364)
	at org.grails.gsp.GroovyPage$invokeTag$4.callCurrent(Unknown Source)
	at org.codehaus.groovy.runtime.callsite.CallSiteArray.defaultCallCurrent(CallSiteArray.java:51)
	at org.codehaus.groovy.runtime.callsite.AbstractCallSite.callCurrent(AbstractCallSite.java:157)
	at home_nicolas_git_SistemaAsistencias_grails_app_views_asistencia_create_gsp.run(home_nicolas_git_SistemaAsistencias_grails_app_views_asistencia_create_gsp:82)
	at org.grails.gsp.GroovyPageWritable.doWriteTo(GroovyPageWritable.java:162)
	at org.grails.gsp.GroovyPageWritable.writeTo(GroovyPageWritable.java:82)
	at org.grails.web.servlet.view.GroovyPageView.renderTemplate(GroovyPageView.java:76)
	at org.grails.web.servlet.view.AbstractGrailsView.renderWithinGrailsWebRequest(AbstractGrailsView.java:71)
	at org.grails.web.servlet.view.AbstractGrailsView.renderMergedOutputModel(AbstractGrailsView.java:55)
	at org.springframework.web.servlet.view.AbstractView.render(AbstractView.java:304)
	at org.grails.web.sitemesh.GrailsLayoutView.renderInnerView(GrailsLayoutView.java:150)
	at org.grails.web.sitemesh.GrailsLayoutView.obtainContent(GrailsLayoutView.java:128)
	at org.grails.web.sitemesh.GrailsLayoutView.renderTemplate(GrailsLayoutView.java:63)
	at org.grails.web.servlet.view.AbstractGrailsView.renderWithinGrailsWebRequest(AbstractGrailsView.java:71)
	at org.grails.web.servlet.view.AbstractGrailsView.renderMergedOutputModel(AbstractGrailsView.java:55)
	at org.springframework.web.servlet.view.AbstractView.render(AbstractView.java:304)
	at org.springframework.web.servlet.DispatcherServlet.render(DispatcherServlet.java:1286)
	at org.springframework.web.servlet.DispatcherServlet.processDispatchResult(DispatcherServlet.java:1041)
	at org.springframework.web.servlet.DispatcherServlet.doDispatch(DispatcherServlet.java:984)
	at org.springframework.web.servlet.DispatcherServlet.doService(DispatcherServlet.java:901)
	at org.springframework.web.servlet.FrameworkServlet.processRequest(FrameworkServlet.java:970)
	at org.springframework.web.servlet.FrameworkServlet.doGet(FrameworkServlet.java:861)
	at javax.servlet.http.HttpServlet.service(HttpServlet.java:634)
	at org.springframework.web.servlet.FrameworkServlet.service(FrameworkServlet.java:846)
	at javax.servlet.http.HttpServlet.service(HttpServlet.java:741)
	at org.apache.catalina.core.ApplicationFilterChain.internalDoFilter(ApplicationFilterChain.java:231)
	at org.apache.catalina.core.ApplicationFilterChain.doFilter(ApplicationFilterChain.java:166)
	at org.apache.tomcat.websocket.server.WsFilter.doFilter(WsFilter.java:52)
	at org.apache.catalina.core.ApplicationFilterChain.internalDoFilter(ApplicationFilterChain.java:193)
	at org.apache.catalina.core.ApplicationFilterChain.doFilter(ApplicationFilterChain.java:166)
	at org.springframework.boot.web.filter.ApplicationContextHeaderFilter.doFilterInternal(ApplicationContextHeaderFilter.java:54)
	at org.springframework.web.filter.OncePerRequestFilter.doFilter(OncePerRequestFilter.java:107)
	at org.apache.catalina.core.ApplicationFilterChain.internalDoFilter(ApplicationFilterChain.java:193)
	at org.apache.catalina.core.ApplicationFilterChain.doFilter(ApplicationFilterChain.java:166)
	at org.springframework.boot.actuate.trace.WebRequestTraceFilter.doFilterInternal(WebRequestTraceFilter.java:111)
	at org.springframework.web.filter.OncePerRequestFilter.doFilter(OncePerRequestFilter.java:107)
	at org.apache.catalina.core.ApplicationFilterChain.internalDoFilter(ApplicationFilterChain.java:193)
	at org.apache.catalina.core.ApplicationFilterChain.doFilter(ApplicationFilterChain.java:166)
	at org.grails.web.servlet.mvc.GrailsWebRequestFilter.doFilterInternal(GrailsWebRequestFilter.java:77)
	at org.springframework.web.filter.OncePerRequestFilter.doFilter(OncePerRequestFilter.java:107)
	at org.apache.catalina.core.ApplicationFilterChain.internalDoFilter(ApplicationFilterChain.java:193)
	at org.apache.catalina.core.ApplicationFilterChain.doFilter(ApplicationFilterChain.java:166)
	at org.grails.web.filters.HiddenHttpMethodFilter.doFilterInternal(HiddenHttpMethodFilter.java:67)
	at org.springframework.web.filter.OncePerRequestFilter.doFilter(OncePerRequestFilter.java:107)
	at org.apache.catalina.core.ApplicationFilterChain.internalDoFilter(ApplicationFilterChain.java:193)
	at org.apache.catalina.core.ApplicationFilterChain.doFilter(ApplicationFilterChain.java:166)
	at org.springframework.web.filter.CharacterEncodingFilter.doFilterInternal(CharacterEncodingFilter.java:197)
	at org.springframework.web.filter.OncePerRequestFilter.doFilter(OncePerRequestFilter.java:107)
	at org.apache.catalina.core.ApplicationFilterChain.internalDoFilter(ApplicationFilterChain.java:193)
	at org.apache.catalina.core.ApplicationFilterChain.doFilter(ApplicationFilterChain.java:166)
	at org.springframework.web.filter.CorsFilter.doFilterInternal(CorsFilter.java:96)
	at org.springframework.web.filter.OncePerRequestFilter.doFilter(OncePerRequestFilter.java:107)
	at org.apache.catalina.core.ApplicationFilterChain.internalDoFilter(ApplicationFilterChain.java:193)
	at org.apache.catalina.core.ApplicationFilterChain.doFilter(ApplicationFilterChain.java:166)
	at org.springframework.boot.actuate.autoconfigure.MetricsFilter.doFilterInternal(MetricsFilter.java:100)
	at org.springframework.web.filter.OncePerRequestFilter.doFilter(OncePerRequestFilter.java:107)
	at org.apache.catalina.core.ApplicationFilterChain.internalDoFilter(ApplicationFilterChain.java:193)
	at org.apache.catalina.core.ApplicationFilterChain.doFilter(ApplicationFilterChain.java:166)
	at org.apache.catalina.core.StandardWrapperValve.invoke(StandardWrapperValve.java:199)
	at org.apache.catalina.core.StandardContextValve.invoke(StandardContextValve.java:96)
	at org.apache.catalina.authenticator.AuthenticatorBase.invoke(AuthenticatorBase.java:493)
	at org.apache.catalina.core.StandardHostValve.invoke(StandardHostValve.java:137)
	at org.apache.catalina.valves.ErrorReportValve.invoke(ErrorReportValve.java:81)
	at org.apache.catalina.core.StandardEngineValve.invoke(StandardEngineValve.java:87)
	at org.apache.catalina.connector.CoyoteAdapter.service(CoyoteAdapter.java:343)
	at org.apache.coyote.http11.Http11Processor.service(Http11Processor.java:798)
	at org.apache.coyote.AbstractProcessorLight.process(AbstractProcessorLight.java:66)
	at org.apache.coyote.AbstractProtocol$ConnectionHandler.process(AbstractProtocol.java:808)
	at org.apache.tomcat.util.net.NioEndpoint$SocketProcessor.doRun(NioEndpoint.java:1498)
	at org.apache.tomcat.util.net.SocketProcessorBase.run(SocketProcessorBase.java:49)
	at java.util.concurrent.ThreadPoolExecutor.runWorker(ThreadPoolExecutor.java:1149)
	at java.util.concurrent.ThreadPoolExecutor$Worker.run(ThreadPoolExecutor.java:624)
	at org.apache.tomcat.util.threads.TaskThread$WrappingRunnable.run(TaskThread.java:61)
	at java.lang.Thread.run(Thread.java:748)
Caused by: groovy.lang.MissingMethodException: No signature of method: sistemaasistencias.Asistencia.fecha() is applicable for argument types: (java.util.LinkedHashMap) values: [[nullable:false]]
Possible solutions: each(groovy.lang.Closure), first(), getId(), lock(), merge(), find()
	at org.codehaus.groovy.runtime.ScriptBytecodeAdapter.unwrap(ScriptBytecodeAdapter.java:71)
	at org.codehaus.groovy.runtime.callsite.PogoMetaClassSite.callCurrent(PogoMetaClassSite.java:80)
	at org.codehaus.groovy.runtime.callsite.CallSiteArray.defaultCallCurrent(CallSiteArray.java:51)
	at org.codehaus.groovy.runtime.callsite.AbstractCallSite.callCurrent(AbstractCallSite.java:157)
	at org.codehaus.groovy.runtime.callsite.AbstractCallSite.callCurrent(AbstractCallSite.java:169)
	at sistemaasistencias.Asistencia$__clinit__closure1.doCall(Asistencia.groovy:13)
	at sistemaasistencias.Asistencia$__clinit__closure1.doCall(Asistencia.groovy)
	at sun.reflect.NativeMethodAccessorImpl.invoke0(Native Method)
	at sun.reflect.NativeMethodAccessorImpl.invoke(NativeMethodAccessorImpl.java:62)
	at sun.reflect.DelegatingMethodAccessorImpl.invoke(DelegatingMethodAccessorImpl.java:43)
	at java.lang.reflect.Method.invoke(Method.java:498)
	at org.springsource.loaded.ri.ReflectiveInterceptor.jlrMethodInvoke(ReflectiveInterceptor.java:1427)
	at org.codehaus.groovy.reflection.CachedMethod.invoke(CachedMethod.java:98)
	at groovy.lang.MetaMethod.doMethodInvoke(MetaMethod.java:325)
	at org.codehaus.groovy.runtime.metaclass.ClosureMetaClass.invokeMethod(ClosureMetaClass.java:264)
	at groovy.lang.MetaClassImpl.invokeMethod(MetaClassImpl.java:1034)
	at groovy.lang.Closure.call(Closure.java:420)
	at sistemaasistencias.Asistencia$__clinit__closure1.call(Asistencia.groovy)
	at groovy.lang.Closure.call(Closure.java:414)
	at sistemaasistencias.Asistencia$__clinit__closure1.call(Asistencia.groovy)
	at org.grails.datastore.gorm.validation.constraints.eval.DefaultConstraintEvaluator.evaluate(DefaultConstraintEvaluator.java:99)
	at org.grails.datastore.gorm.validation.constraints.eval.DefaultConstraintEvaluator.evaluate(DefaultConstraintEvaluator.java:80)
	at org.grails.datastore.gorm.validation.constraints.eval.DefaultConstraintEvaluator.evaluate(DefaultConstraintEvaluator.java:75)
	at grails.gorm.validation.PersistentEntityValidator.<init>(PersistentEntityValidator.groovy:51)
	at org.grails.datastore.gorm.validation.constraints.registry.DefaultValidatorRegistry.getValidator(DefaultValidatorRegistry.groovy:68)
	at org.grails.datastore.gorm.validation.javax.JavaxValidatorRegistry.getValidator(JavaxValidatorRegistry.groovy:105)
	at org.grails.datastore.mapping.model.AbstractMappingContext.getEntityValidator(AbstractMappingContext.java:214)
	at org.grails.scaffolding.model.property.DomainPropertyImpl.<init>(DomainPropertyImpl.groovy:36)
	at org.grails.scaffolding.model.property.DomainPropertyFactoryImpl.build(DomainPropertyFactoryImpl.groovy:26)
	at org.grails.scaffolding.model.DomainModelServiceImpl$_getProperties_closure1.doCall(DomainModelServiceImpl.groovy:49)
	at org.grails.scaffolding.model.DomainModelServiceImpl$_getProperties_closure1.call(DomainModelServiceImpl.groovy)
	at org.codehaus.groovy.runtime.DefaultGroovyMethods.collect(DefaultGroovyMethods.java:3287)
	at org.codehaus.groovy.runtime.DefaultGroovyMethods.collect(DefaultGroovyMethods.java:3257)
	at org.grails.scaffolding.model.DomainModelServiceImpl.getProperties(DomainModelServiceImpl.groovy:48)
	at org.grails.scaffolding.model.DomainModelServiceImpl.getInputProperties(DomainModelServiceImpl.groovy:95)
	at org.grails.scaffolding.model.DomainModelService$getInputProperties.call(Unknown Source)
	at org.codehaus.groovy.runtime.callsite.CallSiteArray.defaultCall(CallSiteArray.java:47)
	at org.codehaus.groovy.runtime.callsite.AbstractCallSite.call(AbstractCallSite.java:116)
	at org.codehaus.groovy.runtime.callsite.AbstractCallSite.call(AbstractCallSite.java:128)
	at grails.plugin.formfields.FormFieldsTagLib.resolvePersistentProperties(FormFieldsTagLib.groovy:540)
	at grails.plugin.formfields.FormFieldsTagLib.resolvePersistentProperties(FormFieldsTagLib.groovy)
	at sun.reflect.NativeMethodAccessorImpl.invoke0(Native Method)
	at sun.reflect.NativeMethodAccessorImpl.invoke(NativeMethodAccessorImpl.java:62)
	at sun.reflect.DelegatingMethodAccessorImpl.invoke(DelegatingMethodAccessorImpl.java:43)
	at java.lang.reflect.Method.invoke(Method.java:498)
	at org.springsource.loaded.ri.ReflectiveInterceptor.jlrMethodInvoke(ReflectiveInterceptor.java:1427)
	at org.codehaus.groovy.reflection.CachedMethod.invoke(CachedMethod.java:98)
	at groovy.lang.MetaMethod.doMethodInvoke(MetaMethod.java:325)
	at org.codehaus.groovy.runtime.metaclass.ClosureMetaClass.invokeMethod(ClosureMetaClass.java:352)
	at groovy.lang.MetaClassImpl.invokeMethod(MetaClassImpl.java:1034)
	at org.codehaus.groovy.runtime.callsite.PogoMetaClassSite.callCurrent(PogoMetaClassSite.java:68)
	at org.codehaus.groovy.runtime.callsite.CallSiteArray.defaultCallCurrent(CallSiteArray.java:51)
	at org.codehaus.groovy.runtime.callsite.AbstractCallSite.callCurrent(AbstractCallSite.java:157)
	at org.codehaus.groovy.runtime.callsite.AbstractCallSite.callCurrent(AbstractCallSite.java:177)
	at grails.plugin.formfields.FormFieldsTagLib$_closure2.doCall(FormFieldsTagLib.groovy:131)
	at sun.reflect.NativeMethodAccessorImpl.invoke0(Native Method)
	at sun.reflect.NativeMethodAccessorImpl.invoke(NativeMethodAccessorImpl.java:62)
	at sun.reflect.DelegatingMethodAccessorImpl.invoke(DelegatingMethodAccessorImpl.java:43)
	at java.lang.reflect.Method.invoke(Method.java:498)
	at org.springsource.loaded.ri.ReflectiveInterceptor.jlrMethodInvoke(ReflectiveInterceptor.java:1427)
	at org.codehaus.groovy.reflection.CachedMethod.invoke(CachedMethod.java:98)
	at groovy.lang.MetaMethod.doMethodInvoke(MetaMethod.java:325)
	at org.codehaus.groovy.runtime.metaclass.ClosureMetaClass.invokeMethod(ClosureMetaClass.java:264)
	at groovy.lang.MetaClassImpl.invokeMethod(MetaClassImpl.java:1034)
	at groovy.lang.Closure.call(Closure.java:420)
	at org.grails.gsp.GroovyPage.invokeTagLibClosure(GroovyPage.java:439)
	at org.grails.gsp.GroovyPage.invokeTag(GroovyPage.java:364)
	... 158 common frames omitted
ERROR StackTrace - Full Stack Trace:
groovy.lang.MissingMethodException: No signature of method: sistemaasistencias.Asistencia.fecha() is applicable for argument types: (java.util.LinkedHashMap) values: [[nullable:false]]
Possible solutions: each(groovy.lang.Closure), first(), getId(), lock(), merge(), find()
	at org.codehaus.groovy.runtime.ScriptBytecodeAdapter.unwrap(ScriptBytecodeAdapter.java:71)
	at org.codehaus.groovy.runtime.callsite.PogoMetaClassSite.callCurrent(PogoMetaClassSite.java:80)
	at org.codehaus.groovy.runtime.callsite.CallSiteArray.defaultCallCurrent(CallSiteArray.java:51)
	at org.codehaus.groovy.runtime.callsite.AbstractCallSite.callCurrent(AbstractCallSite.java:157)
	at org.codehaus.groovy.runtime.callsite.AbstractCallSite.callCurrent(AbstractCallSite.java:169)
	at sistemaasistencias.Asistencia$__clinit__closure1.doCall(Asistencia.groovy:13)
	at sistemaasistencias.Asistencia$__clinit__closure1.doCall(Asistencia.groovy)
	at sun.reflect.NativeMethodAccessorImpl.invoke0(Native Method)
	at sun.reflect.NativeMethodAccessorImpl.invoke(NativeMethodAccessorImpl.java:62)
	at sun.reflect.DelegatingMethodAccessorImpl.invoke(DelegatingMethodAccessorImpl.java:43)
	at java.lang.reflect.Method.invoke(Method.java:498)
	at org.springsource.loaded.ri.ReflectiveInterceptor.jlrMethodInvoke(ReflectiveInterceptor.java:1427)
	at org.codehaus.groovy.reflection.CachedMethod.invoke(CachedMethod.java:98)
	at groovy.lang.MetaMethod.doMethodInvoke(MetaMethod.java:325)
	at org.codehaus.groovy.runtime.metaclass.ClosureMetaClass.invokeMethod(ClosureMetaClass.java:264)
	at groovy.lang.MetaClassImpl.invokeMethod(MetaClassImpl.java:1034)
	at groovy.lang.Closure.call(Closure.java:420)
	at sistemaasistencias.Asistencia$__clinit__closure1.call(Asistencia.groovy)
	at groovy.lang.Closure.call(Closure.java:414)
	at sistemaasistencias.Asistencia$__clinit__closure1.call(Asistencia.groovy)
	at org.grails.datastore.gorm.validation.constraints.eval.DefaultConstraintEvaluator.evaluate(DefaultConstraintEvaluator.java:99)
	at org.grails.datastore.gorm.validation.constraints.eval.DefaultConstraintEvaluator.evaluate(DefaultConstraintEvaluator.java:80)
	at org.grails.datastore.gorm.validation.constraints.eval.DefaultConstraintEvaluator.evaluate(DefaultConstraintEvaluator.java:75)
	at grails.gorm.validation.PersistentEntityValidator.<init>(PersistentEntityValidator.groovy:51)
	at org.grails.datastore.gorm.validation.constraints.registry.DefaultValidatorRegistry.getValidator(DefaultValidatorRegistry.groovy:68)
	at org.grails.datastore.gorm.validation.javax.JavaxValidatorRegistry.getValidator(JavaxValidatorRegistry.groovy:105)
	at org.grails.datastore.mapping.model.AbstractMappingContext.getEntityValidator(AbstractMappingContext.java:214)
	at org.grails.scaffolding.model.property.DomainPropertyImpl.<init>(DomainPropertyImpl.groovy:36)
	at org.grails.scaffolding.model.property.DomainPropertyFactoryImpl.build(DomainPropertyFactoryImpl.groovy:26)
	at org.grails.scaffolding.model.DomainModelServiceImpl$_getProperties_closure1.doCall(DomainModelServiceImpl.groovy:49)
	at org.grails.scaffolding.model.DomainModelServiceImpl$_getProperties_closure1.call(DomainModelServiceImpl.groovy)
	at org.codehaus.groovy.runtime.DefaultGroovyMethods.collect(DefaultGroovyMethods.java:3287)
	at org.codehaus.groovy.runtime.DefaultGroovyMethods.collect(DefaultGroovyMethods.java:3257)
	at org.grails.scaffolding.model.DomainModelServiceImpl.getProperties(DomainModelServiceImpl.groovy:48)
	at org.grails.scaffolding.model.DomainModelServiceImpl.getInputProperties(DomainModelServiceImpl.groovy:95)
	at org.grails.scaffolding.model.DomainModelService$getInputProperties.call(Unknown Source)
	at org.codehaus.groovy.runtime.callsite.CallSiteArray.defaultCall(CallSiteArray.java:47)
	at org.codehaus.groovy.runtime.callsite.AbstractCallSite.call(AbstractCallSite.java:116)
	at org.codehaus.groovy.runtime.callsite.AbstractCallSite.call(AbstractCallSite.java:128)
	at grails.plugin.formfields.FormFieldsTagLib.resolvePersistentProperties(FormFieldsTagLib.groovy:540)
	at grails.plugin.formfields.FormFieldsTagLib.resolvePersistentProperties(FormFieldsTagLib.groovy)
	at sun.reflect.NativeMethodAccessorImpl.invoke0(Native Method)
	at sun.reflect.NativeMethodAccessorImpl.invoke(NativeMethodAccessorImpl.java:62)
	at sun.reflect.DelegatingMethodAccessorImpl.invoke(DelegatingMethodAccessorImpl.java:43)
	at java.lang.reflect.Method.invoke(Method.java:498)
	at org.springsource.loaded.ri.ReflectiveInterceptor.jlrMethodInvoke(ReflectiveInterceptor.java:1427)
	at org.codehaus.groovy.reflection.CachedMethod.invoke(CachedMethod.java:98)
	at groovy.lang.MetaMethod.doMethodInvoke(MetaMethod.java:325)
	at org.codehaus.groovy.runtime.metaclass.ClosureMetaClass.invokeMethod(ClosureMetaClass.java:352)
	at groovy.lang.MetaClassImpl.invokeMethod(MetaClassImpl.java:1034)
	at org.codehaus.groovy.runtime.callsite.PogoMetaClassSite.callCurrent(PogoMetaClassSite.java:68)
	at org.codehaus.groovy.runtime.callsite.CallSiteArray.defaultCallCurrent(CallSiteArray.java:51)
	at org.codehaus.groovy.runtime.callsite.AbstractCallSite.callCurrent(AbstractCallSite.java:157)
	at org.codehaus.groovy.runtime.callsite.AbstractCallSite.callCurrent(AbstractCallSite.java:177)
	at grails.plugin.formfields.FormFieldsTagLib$_closure2.doCall(FormFieldsTagLib.groovy:131)
	at sun.reflect.NativeMethodAccessorImpl.invoke0(Native Method)
	at sun.reflect.NativeMethodAccessorImpl.invoke(NativeMethodAccessorImpl.java:62)
	at sun.reflect.DelegatingMethodAccessorImpl.invoke(DelegatingMethodAccessorImpl.java:43)
	at java.lang.reflect.Method.invoke(Method.java:498)
	at org.springsource.loaded.ri.ReflectiveInterceptor.jlrMethodInvoke(ReflectiveInterceptor.java:1427)
	at org.codehaus.groovy.reflection.CachedMethod.invoke(CachedMethod.java:98)
	at groovy.lang.MetaMethod.doMethodInvoke(MetaMethod.java:325)
	at org.codehaus.groovy.runtime.metaclass.ClosureMetaClass.invokeMethod(ClosureMetaClass.java:264)
	at groovy.lang.MetaClassImpl.invokeMethod(MetaClassImpl.java:1034)
	at groovy.lang.Closure.call(Closure.java:420)
	at org.grails.gsp.GroovyPage.invokeTagLibClosure(GroovyPage.java:439)
	at org.grails.gsp.GroovyPage.invokeTag(GroovyPage.java:364)
	at sun.reflect.GeneratedMethodAccessor91.invoke(Unknown Source)
	at sun.reflect.DelegatingMethodAccessorImpl.invoke(DelegatingMethodAccessorImpl.java:43)
	at java.lang.reflect.Method.invoke(Method.java:498)
	at org.springsource.loaded.ri.ReflectiveInterceptor.jlrMethodInvoke(ReflectiveInterceptor.java:1427)
	at org.codehaus.groovy.reflection.CachedMethod.invoke(CachedMethod.java:98)
	at groovy.lang.MetaMethod.doMethodInvoke(MetaMethod.java:325)
	at org.codehaus.groovy.runtime.metaclass.ClosureMetaClass.invokeMethod(ClosureMetaClass.java:352)
	at groovy.lang.MetaClassImpl.invokeMethod(MetaClassImpl.java:1034)
	at org.codehaus.groovy.runtime.callsite.PogoMetaClassSite.callCurrent(PogoMetaClassSite.java:68)
	at org.codehaus.groovy.runtime.callsite.CallSiteArray.defaultCallCurrent(CallSiteArray.java:51)
	at org.codehaus.groovy.runtime.callsite.AbstractCallSite.callCurrent(AbstractCallSite.java:157)
	at home_nicolas_git_SistemaAsistencias_grails_app_views_asistencia_create_gsp$_run_closure2$_closure24.doCall(home_nicolas_git_SistemaAsistencias_grails_app_views_asistencia_create_gsp:74)
	at sun.reflect.NativeMethodAccessorImpl.invoke0(Native Method)
	at sun.reflect.NativeMethodAccessorImpl.invoke(NativeMethodAccessorImpl.java:62)
	at sun.reflect.DelegatingMethodAccessorImpl.invoke(DelegatingMethodAccessorImpl.java:43)
	at java.lang.reflect.Method.invoke(Method.java:498)
	at org.springsource.loaded.ri.ReflectiveInterceptor.jlrMethodInvoke(ReflectiveInterceptor.java:1427)
	at org.codehaus.groovy.reflection.CachedMethod.invoke(CachedMethod.java:98)
	at groovy.lang.MetaMethod.doMethodInvoke(MetaMethod.java:325)
	at org.codehaus.groovy.runtime.metaclass.ClosureMetaClass.invokeMethod(ClosureMetaClass.java:264)
	at groovy.lang.MetaClassImpl.invokeMethod(MetaClassImpl.java:1034)
	at groovy.lang.Closure.call(Closure.java:420)
	at groovy.lang.Closure.call(Closure.java:414)
	at org.grails.taglib.TagBodyClosure.executeClosure(TagBodyClosure.java:200)
	at org.grails.taglib.TagBodyClosure.captureClosureOutput(TagBodyClosure.java:102)
	at org.grails.taglib.TagBodyClosure.call(TagBodyClosure.java:213)
	at java_util_concurrent_Callable$call.call(Unknown Source)
	at org.codehaus.groovy.runtime.callsite.CallSiteArray.defaultCall(CallSiteArray.java:47)
	at org.codehaus.groovy.runtime.callsite.AbstractCallSite.call(AbstractCallSite.java:116)
	at org.codehaus.groovy.runtime.callsite.AbstractCallSite.call(AbstractCallSite.java:120)
	at org.grails.plugins.web.taglib.FormTagLib$_closure9.doCall(FormTagLib.groovy:455)
	at sun.reflect.NativeMethodAccessorImpl.invoke0(Native Method)
	at sun.reflect.NativeMethodAccessorImpl.invoke(NativeMethodAccessorImpl.java:62)
	at sun.reflect.DelegatingMethodAccessorImpl.invoke(DelegatingMethodAccessorImpl.java:43)
	at java.lang.reflect.Method.invoke(Method.java:498)
	at org.springsource.loaded.ri.ReflectiveInterceptor.jlrMethodInvoke(ReflectiveInterceptor.java:1427)
	at org.codehaus.groovy.reflection.CachedMethod.invoke(CachedMethod.java:98)
	at groovy.lang.MetaMethod.doMethodInvoke(MetaMethod.java:325)
	at org.codehaus.groovy.runtime.metaclass.ClosureMetaClass.invokeMethod(ClosureMetaClass.java:264)
	at groovy.lang.MetaClassImpl.invokeMethod(MetaClassImpl.java:1034)
	at groovy.lang.Closure.call(Closure.java:420)
	at org.grails.gsp.GroovyPage.invokeTagLibClosure(GroovyPage.java:446)
	at org.grails.gsp.GroovyPage.invokeTag(GroovyPage.java:364)
	at sun.reflect.GeneratedMethodAccessor91.invoke(Unknown Source)
	at sun.reflect.DelegatingMethodAccessorImpl.invoke(DelegatingMethodAccessorImpl.java:43)
	at java.lang.reflect.Method.invoke(Method.java:498)
	at org.springsource.loaded.ri.ReflectiveInterceptor.jlrMethodInvoke(ReflectiveInterceptor.java:1427)
	at org.codehaus.groovy.reflection.CachedMethod.invoke(CachedMethod.java:98)
	at groovy.lang.MetaMethod.doMethodInvoke(MetaMethod.java:325)
	at org.codehaus.groovy.runtime.metaclass.ClosureMetaClass.invokeMethod(ClosureMetaClass.java:352)
	at groovy.lang.MetaClassImpl.invokeMethod(MetaClassImpl.java:1034)
	at org.codehaus.groovy.runtime.callsite.PogoMetaClassSite.callCurrent(PogoMetaClassSite.java:68)
	at org.codehaus.groovy.runtime.callsite.CallSiteArray.defaultCallCurrent(CallSiteArray.java:51)
	at org.codehaus.groovy.runtime.callsite.AbstractCallSite.callCurrent(AbstractCallSite.java:157)
	at home_nicolas_git_SistemaAsistencias_grails_app_views_asistencia_create_gsp$_run_closure2.doCall(home_nicolas_git_SistemaAsistencias_grails_app_views_asistencia_create_gsp:79)
	at sun.reflect.NativeMethodAccessorImpl.invoke0(Native Method)
	at sun.reflect.NativeMethodAccessorImpl.invoke(NativeMethodAccessorImpl.java:62)
	at sun.reflect.DelegatingMethodAccessorImpl.invoke(DelegatingMethodAccessorImpl.java:43)
	at java.lang.reflect.Method.invoke(Method.java:498)
	at org.springsource.loaded.ri.ReflectiveInterceptor.jlrMethodInvoke(ReflectiveInterceptor.java:1427)
	at org.codehaus.groovy.reflection.CachedMethod.invoke(CachedMethod.java:98)
	at groovy.lang.MetaMethod.doMethodInvoke(MetaMethod.java:325)
	at org.codehaus.groovy.runtime.metaclass.ClosureMetaClass.invokeMethod(ClosureMetaClass.java:264)
	at groovy.lang.MetaClassImpl.invokeMethod(MetaClassImpl.java:1034)
	at groovy.lang.Closure.call(Closure.java:420)
	at groovy.lang.Closure.call(Closure.java:414)
	at org.grails.taglib.TagBodyClosure.executeClosure(TagBodyClosure.java:200)
	at org.grails.taglib.TagBodyClosure.captureClosureOutput(TagBodyClosure.java:102)
	at org.grails.taglib.TagBodyClosure.call(TagBodyClosure.java:213)
	at org.grails.plugins.web.taglib.SitemeshTagLib.captureTagContent(SitemeshTagLib.groovy:48)
	at org.grails.plugins.web.taglib.SitemeshTagLib.captureTagContent(SitemeshTagLib.groovy)
	at org.grails.plugins.web.taglib.SitemeshTagLib$_closure3.doCall(SitemeshTagLib.groovy:156)
	at sun.reflect.NativeMethodAccessorImpl.invoke0(Native Method)
	at sun.reflect.NativeMethodAccessorImpl.invoke(NativeMethodAccessorImpl.java:62)
	at sun.reflect.DelegatingMethodAccessorImpl.invoke(DelegatingMethodAccessorImpl.java:43)
	at java.lang.reflect.Method.invoke(Method.java:498)
	at org.springsource.loaded.ri.ReflectiveInterceptor.jlrMethodInvoke(ReflectiveInterceptor.java:1427)
	at org.codehaus.groovy.reflection.CachedMethod.invoke(CachedMethod.java:98)
	at groovy.lang.MetaMethod.doMethodInvoke(MetaMethod.java:325)
	at org.codehaus.groovy.runtime.metaclass.ClosureMetaClass.invokeMethod(ClosureMetaClass.java:264)
	at groovy.lang.MetaClassImpl.invokeMethod(MetaClassImpl.java:1034)
	at groovy.lang.Closure.call(Closure.java:420)
	at org.grails.gsp.GroovyPage.invokeTagLibClosure(GroovyPage.java:446)
	at org.grails.gsp.GroovyPage.invokeTag(GroovyPage.java:364)
	at org.grails.gsp.GroovyPage$invokeTag$4.callCurrent(Unknown Source)
	at org.codehaus.groovy.runtime.callsite.CallSiteArray.defaultCallCurrent(CallSiteArray.java:51)
	at org.codehaus.groovy.runtime.callsite.AbstractCallSite.callCurrent(AbstractCallSite.java:157)
	at home_nicolas_git_SistemaAsistencias_grails_app_views_asistencia_create_gsp.run(home_nicolas_git_SistemaAsistencias_grails_app_views_asistencia_create_gsp:82)
	at org.grails.gsp.GroovyPageWritable.doWriteTo(GroovyPageWritable.java:162)
	at org.grails.gsp.GroovyPageWritable.writeTo(GroovyPageWritable.java:82)
	at org.grails.web.servlet.view.GroovyPageView.renderTemplate(GroovyPageView.java:76)
	at org.grails.web.servlet.view.AbstractGrailsView.renderWithinGrailsWebRequest(AbstractGrailsView.java:71)
	at org.grails.web.servlet.view.AbstractGrailsView.renderMergedOutputModel(AbstractGrailsView.java:55)
	at org.springframework.web.servlet.view.AbstractView.render(AbstractView.java:304)
	at org.grails.web.sitemesh.GrailsLayoutView.renderInnerView(GrailsLayoutView.java:150)
	at org.grails.web.sitemesh.GrailsLayoutView.obtainContent(GrailsLayoutView.java:128)
	at org.grails.web.sitemesh.GrailsLayoutView.renderTemplate(GrailsLayoutView.java:63)
	at org.grails.web.servlet.view.AbstractGrailsView.renderWithinGrailsWebRequest(AbstractGrailsView.java:71)
	at org.grails.web.servlet.view.AbstractGrailsView.renderMergedOutputModel(AbstractGrailsView.java:55)
	at org.springframework.web.servlet.view.AbstractView.render(AbstractView.java:304)
	at org.springframework.web.servlet.DispatcherServlet.render(DispatcherServlet.java:1286)
	at org.springframework.web.servlet.DispatcherServlet.processDispatchResult(DispatcherServlet.java:1041)
	at org.springframework.web.servlet.DispatcherServlet.doDispatch(DispatcherServlet.java:984)
	at org.springframework.web.servlet.DispatcherServlet.doService(DispatcherServlet.java:901)
	at org.springframework.web.servlet.FrameworkServlet.processRequest(FrameworkServlet.java:970)
	at org.springframework.web.servlet.FrameworkServlet.doGet(FrameworkServlet.java:861)
	at javax.servlet.http.HttpServlet.service(HttpServlet.java:634)
	at org.springframework.web.servlet.FrameworkServlet.service(FrameworkServlet.java:846)
	at javax.servlet.http.HttpServlet.service(HttpServlet.java:741)
	at org.apache.catalina.core.ApplicationFilterChain.internalDoFilter(ApplicationFilterChain.java:231)
	at org.apache.catalina.core.ApplicationFilterChain.doFilter(ApplicationFilterChain.java:166)
	at org.apache.tomcat.websocket.server.WsFilter.doFilter(WsFilter.java:52)
	at org.apache.catalina.core.ApplicationFilterChain.internalDoFilter(ApplicationFilterChain.java:193)
	at org.apache.catalina.core.ApplicationFilterChain.doFilter(ApplicationFilterChain.java:166)
	at org.springframework.boot.web.filter.ApplicationContextHeaderFilter.doFilterInternal(ApplicationContextHeaderFilter.java:54)
	at org.springframework.web.filter.OncePerRequestFilter.doFilter(OncePerRequestFilter.java:107)
	at org.apache.catalina.core.ApplicationFilterChain.internalDoFilter(ApplicationFilterChain.java:193)
	at org.apache.catalina.core.ApplicationFilterChain.doFilter(ApplicationFilterChain.java:166)
	at org.springframework.boot.actuate.trace.WebRequestTraceFilter.doFilterInternal(WebRequestTraceFilter.java:111)
	at org.springframework.web.filter.OncePerRequestFilter.doFilter(OncePerRequestFilter.java:107)
	at org.apache.catalina.core.ApplicationFilterChain.internalDoFilter(ApplicationFilterChain.java:193)
	at org.apache.catalina.core.ApplicationFilterChain.doFilter(ApplicationFilterChain.java:166)
	at org.grails.web.servlet.mvc.GrailsWebRequestFilter.doFilterInternal(GrailsWebRequestFilter.java:77)
	at org.springframework.web.filter.OncePerRequestFilter.doFilter(OncePerRequestFilter.java:107)
	at org.apache.catalina.core.ApplicationFilterChain.internalDoFilter(ApplicationFilterChain.java:193)
	at org.apache.catalina.core.ApplicationFilterChain.doFilter(ApplicationFilterChain.java:166)
	at org.grails.web.filters.HiddenHttpMethodFilter.doFilterInternal(HiddenHttpMethodFilter.java:67)
	at org.springframework.web.filter.OncePerRequestFilter.doFilter(OncePerRequestFilter.java:107)
	at org.apache.catalina.core.ApplicationFilterChain.internalDoFilter(ApplicationFilterChain.java:193)
	at org.apache.catalina.core.ApplicationFilterChain.doFilter(ApplicationFilterChain.java:166)
	at org.springframework.web.filter.CharacterEncodingFilter.doFilterInternal(CharacterEncodingFilter.java:197)
	at org.springframework.web.filter.OncePerRequestFilter.doFilter(OncePerRequestFilter.java:107)
	at org.apache.catalina.core.ApplicationFilterChain.internalDoFilter(ApplicationFilterChain.java:193)
	at org.apache.catalina.core.ApplicationFilterChain.doFilter(ApplicationFilterChain.java:166)
	at org.springframework.web.filter.CorsFilter.doFilterInternal(CorsFilter.java:96)
	at org.springframework.web.filter.OncePerRequestFilter.doFilter(OncePerRequestFilter.java:107)
	at org.apache.catalina.core.ApplicationFilterChain.internalDoFilter(ApplicationFilterChain.java:193)
	at org.apache.catalina.core.ApplicationFilterChain.doFilter(ApplicationFilterChain.java:166)
	at org.springframework.boot.actuate.autoconfigure.MetricsFilter.doFilterInternal(MetricsFilter.java:100)
	at org.springframework.web.filter.OncePerRequestFilter.doFilter(OncePerRequestFilter.java:107)
	at org.apache.catalina.core.ApplicationFilterChain.internalDoFilter(ApplicationFilterChain.java:193)
	at org.apache.catalina.core.ApplicationFilterChain.doFilter(ApplicationFilterChain.java:166)
	at org.apache.catalina.core.StandardWrapperValve.invoke(StandardWrapperValve.java:199)
	at org.apache.catalina.core.StandardContextValve.invoke(StandardContextValve.java:96)
	at org.apache.catalina.authenticator.AuthenticatorBase.invoke(AuthenticatorBase.java:493)
	at org.apache.catalina.core.StandardHostValve.invoke(StandardHostValve.java:137)
	at org.apache.catalina.valves.ErrorReportValve.invoke(ErrorReportValve.java:81)
	at org.apache.catalina.core.StandardEngineValve.invoke(StandardEngineValve.java:87)
	at org.apache.catalina.connector.CoyoteAdapter.service(CoyoteAdapter.java:343)
	at org.apache.coyote.http11.Http11Processor.service(Http11Processor.java:798)
	at org.apache.coyote.AbstractProcessorLight.process(AbstractProcessorLight.java:66)
	at org.apache.coyote.AbstractProtocol$ConnectionHandler.process(AbstractProtocol.java:808)
	at org.apache.tomcat.util.net.NioEndpoint$SocketProcessor.doRun(NioEndpoint.java:1498)
	at org.apache.tomcat.util.net.SocketProcessorBase.run(SocketProcessorBase.java:49)
	at java.util.concurrent.ThreadPoolExecutor.runWorker(ThreadPoolExecutor.java:1149)
	at java.util.concurrent.ThreadPoolExecutor$Worker.run(ThreadPoolExecutor.java:624)
	at org.apache.tomcat.util.threads.TaskThread$WrappingRunnable.run(TaskThread.java:61)
	at java.lang.Thread.run(Thread.java:748)
ERROR StackTrace - Full Stack Trace:
org.grails.taglib.GrailsTagException: [views/asistencia/create.gsp:35] Error executing tag <g:form>: [views/asistencia/create.gsp:30] Error executing tag <f:all>: No signature of method: sistemaasistencias.Asistencia.fecha() is applicable for argument types: (java.util.LinkedHashMap) values: [[nullable:false]]
Possible solutions: each(groovy.lang.Closure), first(), getId(), lock(), merge(), find()
	at org.grails.gsp.GroovyPage.throwRootCause(GroovyPage.java:473)
	at org.grails.gsp.GroovyPage.invokeTag(GroovyPage.java:415)
	at home_nicolas_git_SistemaAsistencias_grails_app_views_asistencia_create_gsp$_run_closure2.doCall(home_nicolas_git_SistemaAsistencias_grails_app_views_asistencia_create_gsp:79)
	at org.grails.taglib.TagBodyClosure.executeClosure(TagBodyClosure.java:200)
	at org.grails.taglib.TagBodyClosure.captureClosureOutput(TagBodyClosure.java:102)
	at org.grails.taglib.TagBodyClosure.call(TagBodyClosure.java:213)
	at org.grails.plugins.web.taglib.SitemeshTagLib.captureTagContent(SitemeshTagLib.groovy:48)
	at org.grails.plugins.web.taglib.SitemeshTagLib$_closure3.doCall(SitemeshTagLib.groovy:156)
	at org.grails.gsp.GroovyPage.invokeTagLibClosure(GroovyPage.java:446)
	at org.grails.gsp.GroovyPage.invokeTag(GroovyPage.java:364)
	at home_nicolas_git_SistemaAsistencias_grails_app_views_asistencia_create_gsp.run(home_nicolas_git_SistemaAsistencias_grails_app_views_asistencia_create_gsp:82)
	at org.grails.gsp.GroovyPageWritable.doWriteTo(GroovyPageWritable.java:162)
	at org.grails.gsp.GroovyPageWritable.writeTo(GroovyPageWritable.java:82)
	at org.grails.web.servlet.view.GroovyPageView.renderTemplate(GroovyPageView.java:76)
	at org.grails.web.servlet.view.AbstractGrailsView.renderWithinGrailsWebRequest(AbstractGrailsView.java:71)
	at org.grails.web.servlet.view.AbstractGrailsView.renderMergedOutputModel(AbstractGrailsView.java:55)
	at org.springframework.web.servlet.view.AbstractView.render(AbstractView.java:304)
	at org.grails.web.sitemesh.GrailsLayoutView.renderInnerView(GrailsLayoutView.java:150)
	at org.grails.web.sitemesh.GrailsLayoutView.obtainContent(GrailsLayoutView.java:128)
	at org.grails.web.sitemesh.GrailsLayoutView.renderTemplate(GrailsLayoutView.java:63)
	at org.grails.web.servlet.view.AbstractGrailsView.renderWithinGrailsWebRequest(AbstractGrailsView.java:71)
	at org.grails.web.servlet.view.AbstractGrailsView.renderMergedOutputModel(AbstractGrailsView.java:55)
	at org.springframework.web.servlet.view.AbstractView.render(AbstractView.java:304)
	at org.springframework.web.servlet.DispatcherServlet.render(DispatcherServlet.java:1286)
	at org.springframework.web.servlet.DispatcherServlet.processDispatchResult(DispatcherServlet.java:1041)
	at org.springframework.web.servlet.DispatcherServlet.doDispatch(DispatcherServlet.java:984)
	at org.springframework.web.servlet.DispatcherServlet.doService(DispatcherServlet.java:901)
	at org.springframework.web.servlet.FrameworkServlet.processRequest(FrameworkServlet.java:970)
	at org.springframework.web.servlet.FrameworkServlet.doGet(FrameworkServlet.java:861)
	at org.springframework.web.servlet.FrameworkServlet.service(FrameworkServlet.java:846)
	at org.springframework.boot.web.filter.ApplicationContextHeaderFilter.doFilterInternal(ApplicationContextHeaderFilter.java:54)
	at org.grails.web.servlet.mvc.GrailsWebRequestFilter.doFilterInternal(GrailsWebRequestFilter.java:77)
	at org.grails.web.filters.HiddenHttpMethodFilter.doFilterInternal(HiddenHttpMethodFilter.java:67)
	at java.util.concurrent.ThreadPoolExecutor.runWorker(ThreadPoolExecutor.java:1149)
	at java.util.concurrent.ThreadPoolExecutor$Worker.run(ThreadPoolExecutor.java:624)
	at java.lang.Thread.run(Thread.java:748)
Caused by: org.grails.taglib.GrailsTagException: [views/asistencia/create.gsp:30] Error executing tag <f:all>: No signature of method: sistemaasistencias.Asistencia.fecha() is applicable for argument types: (java.util.LinkedHashMap) values: [[nullable:false]]
Possible solutions: each(groovy.lang.Closure), first(), getId(), lock(), merge(), find()
	at org.grails.gsp.GroovyPage.throwRootCause(GroovyPage.java:473)
	at org.grails.gsp.GroovyPage.invokeTag(GroovyPage.java:415)
	at home_nicolas_git_SistemaAsistencias_grails_app_views_asistencia_create_gsp$_run_closure2$_closure24.doCall(home_nicolas_git_SistemaAsistencias_grails_app_views_asistencia_create_gsp:74)
	at org.grails.taglib.TagBodyClosure.executeClosure(TagBodyClosure.java:200)
	at org.grails.taglib.TagBodyClosure.captureClosureOutput(TagBodyClosure.java:102)
	at org.grails.taglib.TagBodyClosure.call(TagBodyClosure.java:213)
	at org.grails.plugins.web.taglib.FormTagLib$_closure9.doCall(FormTagLib.groovy:455)
	at org.grails.gsp.GroovyPage.invokeTagLibClosure(GroovyPage.java:446)
	at org.grails.gsp.GroovyPage.invokeTag(GroovyPage.java:364)
	... 34 common frames omitted
Caused by: groovy.lang.MissingMethodException: No signature of method: sistemaasistencias.Asistencia.fecha() is applicable for argument types: (java.util.LinkedHashMap) values: [[nullable:false]]
Possible solutions: each(groovy.lang.Closure), first(), getId(), lock(), merge(), find()
	at sistemaasistencias.Asistencia$__clinit__closure1.doCall(Asistencia.groovy:13)
	at org.grails.datastore.gorm.validation.constraints.eval.DefaultConstraintEvaluator.evaluate(DefaultConstraintEvaluator.java:99)
	at org.grails.datastore.gorm.validation.constraints.eval.DefaultConstraintEvaluator.evaluate(DefaultConstraintEvaluator.java:80)
	at org.grails.datastore.gorm.validation.constraints.eval.DefaultConstraintEvaluator.evaluate(DefaultConstraintEvaluator.java:75)
	at grails.gorm.validation.PersistentEntityValidator.<init>(PersistentEntityValidator.groovy:51)
	at org.grails.datastore.gorm.validation.constraints.registry.DefaultValidatorRegistry.getValidator(DefaultValidatorRegistry.groovy:68)
	at org.grails.datastore.gorm.validation.javax.JavaxValidatorRegistry.getValidator(JavaxValidatorRegistry.groovy:105)
	at org.grails.datastore.mapping.model.AbstractMappingContext.getEntityValidator(AbstractMappingContext.java:214)
	at org.grails.scaffolding.model.property.DomainPropertyImpl.<init>(DomainPropertyImpl.groovy:36)
	at org.grails.scaffolding.model.property.DomainPropertyFactoryImpl.build(DomainPropertyFactoryImpl.groovy:26)
	at org.grails.scaffolding.model.DomainModelServiceImpl$_getProperties_closure1.doCall(DomainModelServiceImpl.groovy:49)
	at org.grails.scaffolding.model.DomainModelServiceImpl.getProperties(DomainModelServiceImpl.groovy:48)
	at org.grails.scaffolding.model.DomainModelServiceImpl.getInputProperties(DomainModelServiceImpl.groovy:95)
	at grails.plugin.formfields.FormFieldsTagLib.resolvePersistentProperties(FormFieldsTagLib.groovy:540)
	at grails.plugin.formfields.FormFieldsTagLib$_closure2.doCall(FormFieldsTagLib.groovy:131)
	at org.grails.gsp.GroovyPage.invokeTagLibClosure(GroovyPage.java:439)
	at org.grails.gsp.GroovyPage.invokeTag(GroovyPage.java:364)
	... 41 common frames omitted
ERROR StackTrace - Full Stack Trace:
org.grails.gsp.GroovyPagesException: Error evaluating expression [this.asistencia.fecha.class] on line [16]: Cannot get property 'class' on null object
	at org.grails.gsp.GroovyPage.evaluate(GroovyPage.java:256)
	at sun.reflect.GeneratedMethodAccessor81.invoke(Unknown Source)
	at sun.reflect.DelegatingMethodAccessorImpl.invoke(DelegatingMethodAccessorImpl.java:43)
	at java.lang.reflect.Method.invoke(Method.java:498)
	at org.springsource.loaded.ri.ReflectiveInterceptor.jlrMethodInvoke(ReflectiveInterceptor.java:1427)
	at org.codehaus.groovy.reflection.CachedMethod.invoke(CachedMethod.java:98)
	at groovy.lang.MetaMethod.doMethodInvoke(MetaMethod.java:325)
	at org.codehaus.groovy.runtime.metaclass.ClosureMetaClass.invokeMethod(ClosureMetaClass.java:352)
	at groovy.lang.MetaClassImpl.invokeMethod(MetaClassImpl.java:1034)
	at org.codehaus.groovy.runtime.callsite.PogoMetaClassSite.callCurrent(PogoMetaClassSite.java:68)
	at org.codehaus.groovy.runtime.callsite.CallSiteArray.defaultCallCurrent(CallSiteArray.java:51)
	at org.codehaus.groovy.runtime.callsite.AbstractCallSite.callCurrent(AbstractCallSite.java:157)
	at org.codehaus.groovy.runtime.callsite.AbstractCallSite.callCurrent(AbstractCallSite.java:193)
	at home_nicolas_git_SistemaAsistencias_grails_app_views_asistencia_create_gsp$_run_closure2.doCall(home_nicolas_git_SistemaAsistencias_grails_app_views_asistencia_create_gsp:46)
	at sun.reflect.NativeMethodAccessorImpl.invoke0(Native Method)
	at sun.reflect.NativeMethodAccessorImpl.invoke(NativeMethodAccessorImpl.java:62)
	at sun.reflect.DelegatingMethodAccessorImpl.invoke(DelegatingMethodAccessorImpl.java:43)
	at java.lang.reflect.Method.invoke(Method.java:498)
	at org.springsource.loaded.ri.ReflectiveInterceptor.jlrMethodInvoke(ReflectiveInterceptor.java:1427)
	at org.codehaus.groovy.reflection.CachedMethod.invoke(CachedMethod.java:98)
	at groovy.lang.MetaMethod.doMethodInvoke(MetaMethod.java:325)
	at org.codehaus.groovy.runtime.metaclass.ClosureMetaClass.invokeMethod(ClosureMetaClass.java:264)
	at groovy.lang.MetaClassImpl.invokeMethod(MetaClassImpl.java:1034)
	at groovy.lang.Closure.call(Closure.java:420)
	at groovy.lang.Closure.call(Closure.java:414)
	at org.grails.taglib.TagBodyClosure.executeClosure(TagBodyClosure.java:200)
	at org.grails.taglib.TagBodyClosure.captureClosureOutput(TagBodyClosure.java:102)
	at org.grails.taglib.TagBodyClosure.call(TagBodyClosure.java:213)
	at org.grails.plugins.web.taglib.SitemeshTagLib.captureTagContent(SitemeshTagLib.groovy:48)
	at org.grails.plugins.web.taglib.SitemeshTagLib.captureTagContent(SitemeshTagLib.groovy)
	at org.grails.plugins.web.taglib.SitemeshTagLib$_closure3.doCall(SitemeshTagLib.groovy:156)
	at sun.reflect.NativeMethodAccessorImpl.invoke0(Native Method)
	at sun.reflect.NativeMethodAccessorImpl.invoke(NativeMethodAccessorImpl.java:62)
	at sun.reflect.DelegatingMethodAccessorImpl.invoke(DelegatingMethodAccessorImpl.java:43)
	at java.lang.reflect.Method.invoke(Method.java:498)
	at org.springsource.loaded.ri.ReflectiveInterceptor.jlrMethodInvoke(ReflectiveInterceptor.java:1427)
	at org.codehaus.groovy.reflection.CachedMethod.invoke(CachedMethod.java:98)
	at groovy.lang.MetaMethod.doMethodInvoke(MetaMethod.java:325)
	at org.codehaus.groovy.runtime.metaclass.ClosureMetaClass.invokeMethod(ClosureMetaClass.java:264)
	at groovy.lang.MetaClassImpl.invokeMethod(MetaClassImpl.java:1034)
	at groovy.lang.Closure.call(Closure.java:420)
	at org.grails.gsp.GroovyPage.invokeTagLibClosure(GroovyPage.java:446)
	at org.grails.gsp.GroovyPage.invokeTag(GroovyPage.java:364)
	at org.grails.gsp.GroovyPage$invokeTag$4.callCurrent(Unknown Source)
	at org.codehaus.groovy.runtime.callsite.CallSiteArray.defaultCallCurrent(CallSiteArray.java:51)
	at org.codehaus.groovy.runtime.callsite.AbstractCallSite.callCurrent(AbstractCallSite.java:157)
	at home_nicolas_git_SistemaAsistencias_grails_app_views_asistencia_create_gsp.run(home_nicolas_git_SistemaAsistencias_grails_app_views_asistencia_create_gsp:84)
	at org.grails.gsp.GroovyPageWritable.doWriteTo(GroovyPageWritable.java:162)
	at org.grails.gsp.GroovyPageWritable.writeTo(GroovyPageWritable.java:82)
	at org.grails.web.servlet.view.GroovyPageView.renderTemplate(GroovyPageView.java:76)
	at org.grails.web.servlet.view.AbstractGrailsView.renderWithinGrailsWebRequest(AbstractGrailsView.java:71)
	at org.grails.web.servlet.view.AbstractGrailsView.renderMergedOutputModel(AbstractGrailsView.java:55)
	at org.springframework.web.servlet.view.AbstractView.render(AbstractView.java:304)
	at org.grails.web.sitemesh.GrailsLayoutView.renderInnerView(GrailsLayoutView.java:150)
	at org.grails.web.sitemesh.GrailsLayoutView.obtainContent(GrailsLayoutView.java:128)
	at org.grails.web.sitemesh.GrailsLayoutView.renderTemplate(GrailsLayoutView.java:63)
	at org.grails.web.servlet.view.AbstractGrailsView.renderWithinGrailsWebRequest(AbstractGrailsView.java:71)
	at org.grails.web.servlet.view.AbstractGrailsView.renderMergedOutputModel(AbstractGrailsView.java:55)
	at org.springframework.web.servlet.view.AbstractView.render(AbstractView.java:304)
	at org.springframework.web.servlet.DispatcherServlet.render(DispatcherServlet.java:1286)
	at org.springframework.web.servlet.DispatcherServlet.processDispatchResult(DispatcherServlet.java:1041)
	at org.springframework.web.servlet.DispatcherServlet.doDispatch(DispatcherServlet.java:984)
	at org.springframework.web.servlet.DispatcherServlet.doService(DispatcherServlet.java:901)
	at org.springframework.web.servlet.FrameworkServlet.processRequest(FrameworkServlet.java:970)
	at org.springframework.web.servlet.FrameworkServlet.doGet(FrameworkServlet.java:861)
	at javax.servlet.http.HttpServlet.service(HttpServlet.java:634)
	at org.springframework.web.servlet.FrameworkServlet.service(FrameworkServlet.java:846)
	at javax.servlet.http.HttpServlet.service(HttpServlet.java:741)
	at org.apache.catalina.core.ApplicationFilterChain.internalDoFilter(ApplicationFilterChain.java:231)
	at org.apache.catalina.core.ApplicationFilterChain.doFilter(ApplicationFilterChain.java:166)
	at org.apache.tomcat.websocket.server.WsFilter.doFilter(WsFilter.java:52)
	at org.apache.catalina.core.ApplicationFilterChain.internalDoFilter(ApplicationFilterChain.java:193)
	at org.apache.catalina.core.ApplicationFilterChain.doFilter(ApplicationFilterChain.java:166)
	at org.springframework.boot.web.filter.ApplicationContextHeaderFilter.doFilterInternal(ApplicationContextHeaderFilter.java:54)
	at org.springframework.web.filter.OncePerRequestFilter.doFilter(OncePerRequestFilter.java:107)
	at org.apache.catalina.core.ApplicationFilterChain.internalDoFilter(ApplicationFilterChain.java:193)
	at org.apache.catalina.core.ApplicationFilterChain.doFilter(ApplicationFilterChain.java:166)
	at org.springframework.boot.actuate.trace.WebRequestTraceFilter.doFilterInternal(WebRequestTraceFilter.java:111)
	at org.springframework.web.filter.OncePerRequestFilter.doFilter(OncePerRequestFilter.java:107)
	at org.apache.catalina.core.ApplicationFilterChain.internalDoFilter(ApplicationFilterChain.java:193)
	at org.apache.catalina.core.ApplicationFilterChain.doFilter(ApplicationFilterChain.java:166)
	at org.grails.web.servlet.mvc.GrailsWebRequestFilter.doFilterInternal(GrailsWebRequestFilter.java:77)
	at org.springframework.web.filter.OncePerRequestFilter.doFilter(OncePerRequestFilter.java:107)
	at org.apache.catalina.core.ApplicationFilterChain.internalDoFilter(ApplicationFilterChain.java:193)
	at org.apache.catalina.core.ApplicationFilterChain.doFilter(ApplicationFilterChain.java:166)
	at org.grails.web.filters.HiddenHttpMethodFilter.doFilterInternal(HiddenHttpMethodFilter.java:67)
	at org.springframework.web.filter.OncePerRequestFilter.doFilter(OncePerRequestFilter.java:107)
	at org.apache.catalina.core.ApplicationFilterChain.internalDoFilter(ApplicationFilterChain.java:193)
	at org.apache.catalina.core.ApplicationFilterChain.doFilter(ApplicationFilterChain.java:166)
	at org.springframework.web.filter.CharacterEncodingFilter.doFilterInternal(CharacterEncodingFilter.java:197)
	at org.springframework.web.filter.OncePerRequestFilter.doFilter(OncePerRequestFilter.java:107)
	at org.apache.catalina.core.ApplicationFilterChain.internalDoFilter(ApplicationFilterChain.java:193)
	at org.apache.catalina.core.ApplicationFilterChain.doFilter(ApplicationFilterChain.java:166)
	at org.springframework.web.filter.CorsFilter.doFilterInternal(CorsFilter.java:96)
	at org.springframework.web.filter.OncePerRequestFilter.doFilter(OncePerRequestFilter.java:107)
	at org.apache.catalina.core.ApplicationFilterChain.internalDoFilter(ApplicationFilterChain.java:193)
	at org.apache.catalina.core.ApplicationFilterChain.doFilter(ApplicationFilterChain.java:166)
	at org.springframework.boot.actuate.autoconfigure.MetricsFilter.doFilterInternal(MetricsFilter.java:100)
	at org.springframework.web.filter.OncePerRequestFilter.doFilter(OncePerRequestFilter.java:107)
	at org.apache.catalina.core.ApplicationFilterChain.internalDoFilter(ApplicationFilterChain.java:193)
	at org.apache.catalina.core.ApplicationFilterChain.doFilter(ApplicationFilterChain.java:166)
	at org.apache.catalina.core.StandardWrapperValve.invoke(StandardWrapperValve.java:199)
	at org.apache.catalina.core.StandardContextValve.invoke(StandardContextValve.java:96)
	at org.apache.catalina.authenticator.AuthenticatorBase.invoke(AuthenticatorBase.java:493)
	at org.apache.catalina.core.StandardHostValve.invoke(StandardHostValve.java:137)
	at org.apache.catalina.valves.ErrorReportValve.invoke(ErrorReportValve.java:81)
	at org.apache.catalina.core.StandardEngineValve.invoke(StandardEngineValve.java:87)
	at org.apache.catalina.connector.CoyoteAdapter.service(CoyoteAdapter.java:343)
	at org.apache.coyote.http11.Http11Processor.service(Http11Processor.java:798)
	at org.apache.coyote.AbstractProcessorLight.process(AbstractProcessorLight.java:66)
	at org.apache.coyote.AbstractProtocol$ConnectionHandler.process(AbstractProtocol.java:808)
	at org.apache.tomcat.util.net.NioEndpoint$SocketProcessor.doRun(NioEndpoint.java:1498)
	at org.apache.tomcat.util.net.SocketProcessorBase.run(SocketProcessorBase.java:49)
	at java.util.concurrent.ThreadPoolExecutor.runWorker(ThreadPoolExecutor.java:1149)
	at java.util.concurrent.ThreadPoolExecutor$Worker.run(ThreadPoolExecutor.java:624)
	at org.apache.tomcat.util.threads.TaskThread$WrappingRunnable.run(TaskThread.java:61)
	at java.lang.Thread.run(Thread.java:748)
Caused by: java.lang.NullPointerException: Cannot get property 'class' on null object
	at org.codehaus.groovy.runtime.NullObject.getProperty(NullObject.java:60)
	at org.codehaus.groovy.runtime.InvokerHelper.getProperty(InvokerHelper.java:190)
	at org.codehaus.groovy.runtime.callsite.NullCallSite.getProperty(NullCallSite.java:46)
	at org.codehaus.groovy.runtime.callsite.AbstractCallSite.callGetProperty(AbstractCallSite.java:299)
	at home_nicolas_git_SistemaAsistencias_grails_app_views_asistencia_create_gsp$_run_closure2$_closure19.doCall(home_nicolas_git_SistemaAsistencias_grails_app_views_asistencia_create_gsp:46)
	at sun.reflect.NativeMethodAccessorImpl.invoke0(Native Method)
	at sun.reflect.NativeMethodAccessorImpl.invoke(NativeMethodAccessorImpl.java:62)
	at sun.reflect.DelegatingMethodAccessorImpl.invoke(DelegatingMethodAccessorImpl.java:43)
	at java.lang.reflect.Method.invoke(Method.java:498)
	at org.springsource.loaded.ri.ReflectiveInterceptor.jlrMethodInvoke(ReflectiveInterceptor.java:1427)
	at org.codehaus.groovy.reflection.CachedMethod.invoke(CachedMethod.java:98)
	at groovy.lang.MetaMethod.doMethodInvoke(MetaMethod.java:325)
	at org.codehaus.groovy.runtime.metaclass.ClosureMetaClass.invokeMethod(ClosureMetaClass.java:264)
	at groovy.lang.MetaClassImpl.invokeMethod(MetaClassImpl.java:1034)
	at groovy.lang.Closure.call(Closure.java:420)
	at groovy.lang.Closure.call(Closure.java:436)
	at org.grails.gsp.GroovyPage.evaluate(GroovyPage.java:253)
	... 116 common frames omitted
ERROR StackTrace - Full Stack Trace:
java.lang.NullPointerException: Cannot get property 'class' on null object
	at org.codehaus.groovy.runtime.NullObject.getProperty(NullObject.java:60)
	at org.codehaus.groovy.runtime.InvokerHelper.getProperty(InvokerHelper.java:190)
	at org.codehaus.groovy.runtime.callsite.NullCallSite.getProperty(NullCallSite.java:46)
	at org.codehaus.groovy.runtime.callsite.AbstractCallSite.callGetProperty(AbstractCallSite.java:299)
	at home_nicolas_git_SistemaAsistencias_grails_app_views_asistencia_create_gsp$_run_closure2$_closure19.doCall(home_nicolas_git_SistemaAsistencias_grails_app_views_asistencia_create_gsp:46)
	at sun.reflect.NativeMethodAccessorImpl.invoke0(Native Method)
	at sun.reflect.NativeMethodAccessorImpl.invoke(NativeMethodAccessorImpl.java:62)
	at sun.reflect.DelegatingMethodAccessorImpl.invoke(DelegatingMethodAccessorImpl.java:43)
	at java.lang.reflect.Method.invoke(Method.java:498)
	at org.springsource.loaded.ri.ReflectiveInterceptor.jlrMethodInvoke(ReflectiveInterceptor.java:1427)
	at org.codehaus.groovy.reflection.CachedMethod.invoke(CachedMethod.java:98)
	at groovy.lang.MetaMethod.doMethodInvoke(MetaMethod.java:325)
	at org.codehaus.groovy.runtime.metaclass.ClosureMetaClass.invokeMethod(ClosureMetaClass.java:264)
	at groovy.lang.MetaClassImpl.invokeMethod(MetaClassImpl.java:1034)
	at groovy.lang.Closure.call(Closure.java:420)
	at groovy.lang.Closure.call(Closure.java:436)
	at org.grails.gsp.GroovyPage.evaluate(GroovyPage.java:253)
	at sun.reflect.GeneratedMethodAccessor81.invoke(Unknown Source)
	at sun.reflect.DelegatingMethodAccessorImpl.invoke(DelegatingMethodAccessorImpl.java:43)
	at java.lang.reflect.Method.invoke(Method.java:498)
	at org.springsource.loaded.ri.ReflectiveInterceptor.jlrMethodInvoke(ReflectiveInterceptor.java:1427)
	at org.codehaus.groovy.reflection.CachedMethod.invoke(CachedMethod.java:98)
	at groovy.lang.MetaMethod.doMethodInvoke(MetaMethod.java:325)
	at org.codehaus.groovy.runtime.metaclass.ClosureMetaClass.invokeMethod(ClosureMetaClass.java:352)
	at groovy.lang.MetaClassImpl.invokeMethod(MetaClassImpl.java:1034)
	at org.codehaus.groovy.runtime.callsite.PogoMetaClassSite.callCurrent(PogoMetaClassSite.java:68)
	at org.codehaus.groovy.runtime.callsite.CallSiteArray.defaultCallCurrent(CallSiteArray.java:51)
	at org.codehaus.groovy.runtime.callsite.AbstractCallSite.callCurrent(AbstractCallSite.java:157)
	at org.codehaus.groovy.runtime.callsite.AbstractCallSite.callCurrent(AbstractCallSite.java:193)
	at home_nicolas_git_SistemaAsistencias_grails_app_views_asistencia_create_gsp$_run_closure2.doCall(home_nicolas_git_SistemaAsistencias_grails_app_views_asistencia_create_gsp:46)
	at sun.reflect.NativeMethodAccessorImpl.invoke0(Native Method)
	at sun.reflect.NativeMethodAccessorImpl.invoke(NativeMethodAccessorImpl.java:62)
	at sun.reflect.DelegatingMethodAccessorImpl.invoke(DelegatingMethodAccessorImpl.java:43)
	at java.lang.reflect.Method.invoke(Method.java:498)
	at org.springsource.loaded.ri.ReflectiveInterceptor.jlrMethodInvoke(ReflectiveInterceptor.java:1427)
	at org.codehaus.groovy.reflection.CachedMethod.invoke(CachedMethod.java:98)
	at groovy.lang.MetaMethod.doMethodInvoke(MetaMethod.java:325)
	at org.codehaus.groovy.runtime.metaclass.ClosureMetaClass.invokeMethod(ClosureMetaClass.java:264)
	at groovy.lang.MetaClassImpl.invokeMethod(MetaClassImpl.java:1034)
	at groovy.lang.Closure.call(Closure.java:420)
	at groovy.lang.Closure.call(Closure.java:414)
	at org.grails.taglib.TagBodyClosure.executeClosure(TagBodyClosure.java:200)
	at org.grails.taglib.TagBodyClosure.captureClosureOutput(TagBodyClosure.java:102)
	at org.grails.taglib.TagBodyClosure.call(TagBodyClosure.java:213)
	at org.grails.plugins.web.taglib.SitemeshTagLib.captureTagContent(SitemeshTagLib.groovy:48)
	at org.grails.plugins.web.taglib.SitemeshTagLib.captureTagContent(SitemeshTagLib.groovy)
	at org.grails.plugins.web.taglib.SitemeshTagLib$_closure3.doCall(SitemeshTagLib.groovy:156)
	at sun.reflect.NativeMethodAccessorImpl.invoke0(Native Method)
	at sun.reflect.NativeMethodAccessorImpl.invoke(NativeMethodAccessorImpl.java:62)
	at sun.reflect.DelegatingMethodAccessorImpl.invoke(DelegatingMethodAccessorImpl.java:43)
	at java.lang.reflect.Method.invoke(Method.java:498)
	at org.springsource.loaded.ri.ReflectiveInterceptor.jlrMethodInvoke(ReflectiveInterceptor.java:1427)
	at org.codehaus.groovy.reflection.CachedMethod.invoke(CachedMethod.java:98)
	at groovy.lang.MetaMethod.doMethodInvoke(MetaMethod.java:325)
	at org.codehaus.groovy.runtime.metaclass.ClosureMetaClass.invokeMethod(ClosureMetaClass.java:264)
	at groovy.lang.MetaClassImpl.invokeMethod(MetaClassImpl.java:1034)
	at groovy.lang.Closure.call(Closure.java:420)
	at org.grails.gsp.GroovyPage.invokeTagLibClosure(GroovyPage.java:446)
	at org.grails.gsp.GroovyPage.invokeTag(GroovyPage.java:364)
	at org.grails.gsp.GroovyPage$invokeTag$4.callCurrent(Unknown Source)
	at org.codehaus.groovy.runtime.callsite.CallSiteArray.defaultCallCurrent(CallSiteArray.java:51)
	at org.codehaus.groovy.runtime.callsite.AbstractCallSite.callCurrent(AbstractCallSite.java:157)
	at home_nicolas_git_SistemaAsistencias_grails_app_views_asistencia_create_gsp.run(home_nicolas_git_SistemaAsistencias_grails_app_views_asistencia_create_gsp:84)
	at org.grails.gsp.GroovyPageWritable.doWriteTo(GroovyPageWritable.java:162)
	at org.grails.gsp.GroovyPageWritable.writeTo(GroovyPageWritable.java:82)
	at org.grails.web.servlet.view.GroovyPageView.renderTemplate(GroovyPageView.java:76)
	at org.grails.web.servlet.view.AbstractGrailsView.renderWithinGrailsWebRequest(AbstractGrailsView.java:71)
	at org.grails.web.servlet.view.AbstractGrailsView.renderMergedOutputModel(AbstractGrailsView.java:55)
	at org.springframework.web.servlet.view.AbstractView.render(AbstractView.java:304)
	at org.grails.web.sitemesh.GrailsLayoutView.renderInnerView(GrailsLayoutView.java:150)
	at org.grails.web.sitemesh.GrailsLayoutView.obtainContent(GrailsLayoutView.java:128)
	at org.grails.web.sitemesh.GrailsLayoutView.renderTemplate(GrailsLayoutView.java:63)
	at org.grails.web.servlet.view.AbstractGrailsView.renderWithinGrailsWebRequest(AbstractGrailsView.java:71)
	at org.grails.web.servlet.view.AbstractGrailsView.renderMergedOutputModel(AbstractGrailsView.java:55)
	at org.springframework.web.servlet.view.AbstractView.render(AbstractView.java:304)
	at org.springframework.web.servlet.DispatcherServlet.render(DispatcherServlet.java:1286)
	at org.springframework.web.servlet.DispatcherServlet.processDispatchResult(DispatcherServlet.java:1041)
	at org.springframework.web.servlet.DispatcherServlet.doDispatch(DispatcherServlet.java:984)
	at org.springframework.web.servlet.DispatcherServlet.doService(DispatcherServlet.java:901)
	at org.springframework.web.servlet.FrameworkServlet.processRequest(FrameworkServlet.java:970)
	at org.springframework.web.servlet.FrameworkServlet.doGet(FrameworkServlet.java:861)
	at javax.servlet.http.HttpServlet.service(HttpServlet.java:634)
	at org.springframework.web.servlet.FrameworkServlet.service(FrameworkServlet.java:846)
	at javax.servlet.http.HttpServlet.service(HttpServlet.java:741)
	at org.apache.catalina.core.ApplicationFilterChain.internalDoFilter(ApplicationFilterChain.java:231)
	at org.apache.catalina.core.ApplicationFilterChain.doFilter(ApplicationFilterChain.java:166)
	at org.apache.tomcat.websocket.server.WsFilter.doFilter(WsFilter.java:52)
	at org.apache.catalina.core.ApplicationFilterChain.internalDoFilter(ApplicationFilterChain.java:193)
	at org.apache.catalina.core.ApplicationFilterChain.doFilter(ApplicationFilterChain.java:166)
	at org.springframework.boot.web.filter.ApplicationContextHeaderFilter.doFilterInternal(ApplicationContextHeaderFilter.java:54)
	at org.springframework.web.filter.OncePerRequestFilter.doFilter(OncePerRequestFilter.java:107)
	at org.apache.catalina.core.ApplicationFilterChain.internalDoFilter(ApplicationFilterChain.java:193)
	at org.apache.catalina.core.ApplicationFilterChain.doFilter(ApplicationFilterChain.java:166)
	at org.springframework.boot.actuate.trace.WebRequestTraceFilter.doFilterInternal(WebRequestTraceFilter.java:111)
	at org.springframework.web.filter.OncePerRequestFilter.doFilter(OncePerRequestFilter.java:107)
	at org.apache.catalina.core.ApplicationFilterChain.internalDoFilter(ApplicationFilterChain.java:193)
	at org.apache.catalina.core.ApplicationFilterChain.doFilter(ApplicationFilterChain.java:166)
	at org.grails.web.servlet.mvc.GrailsWebRequestFilter.doFilterInternal(GrailsWebRequestFilter.java:77)
	at org.springframework.web.filter.OncePerRequestFilter.doFilter(OncePerRequestFilter.java:107)
	at org.apache.catalina.core.ApplicationFilterChain.internalDoFilter(ApplicationFilterChain.java:193)
	at org.apache.catalina.core.ApplicationFilterChain.doFilter(ApplicationFilterChain.java:166)
	at org.grails.web.filters.HiddenHttpMethodFilter.doFilterInternal(HiddenHttpMethodFilter.java:67)
	at org.springframework.web.filter.OncePerRequestFilter.doFilter(OncePerRequestFilter.java:107)
	at org.apache.catalina.core.ApplicationFilterChain.internalDoFilter(ApplicationFilterChain.java:193)
	at org.apache.catalina.core.ApplicationFilterChain.doFilter(ApplicationFilterChain.java:166)
	at org.springframework.web.filter.CharacterEncodingFilter.doFilterInternal(CharacterEncodingFilter.java:197)
	at org.springframework.web.filter.OncePerRequestFilter.doFilter(OncePerRequestFilter.java:107)
	at org.apache.catalina.core.ApplicationFilterChain.internalDoFilter(ApplicationFilterChain.java:193)
	at org.apache.catalina.core.ApplicationFilterChain.doFilter(ApplicationFilterChain.java:166)
	at org.springframework.web.filter.CorsFilter.doFilterInternal(CorsFilter.java:96)
	at org.springframework.web.filter.OncePerRequestFilter.doFilter(OncePerRequestFilter.java:107)
	at org.apache.catalina.core.ApplicationFilterChain.internalDoFilter(ApplicationFilterChain.java:193)
	at org.apache.catalina.core.ApplicationFilterChain.doFilter(ApplicationFilterChain.java:166)
	at org.springframework.boot.actuate.autoconfigure.MetricsFilter.doFilterInternal(MetricsFilter.java:100)
	at org.springframework.web.filter.OncePerRequestFilter.doFilter(OncePerRequestFilter.java:107)
	at org.apache.catalina.core.ApplicationFilterChain.internalDoFilter(ApplicationFilterChain.java:193)
	at org.apache.catalina.core.ApplicationFilterChain.doFilter(ApplicationFilterChain.java:166)
	at org.apache.catalina.core.StandardWrapperValve.invoke(StandardWrapperValve.java:199)
	at org.apache.catalina.core.StandardContextValve.invoke(StandardContextValve.java:96)
	at org.apache.catalina.authenticator.AuthenticatorBase.invoke(AuthenticatorBase.java:493)
	at org.apache.catalina.core.StandardHostValve.invoke(StandardHostValve.java:137)
	at org.apache.catalina.valves.ErrorReportValve.invoke(ErrorReportValve.java:81)
	at org.apache.catalina.core.StandardEngineValve.invoke(StandardEngineValve.java:87)
	at org.apache.catalina.connector.CoyoteAdapter.service(CoyoteAdapter.java:343)
	at org.apache.coyote.http11.Http11Processor.service(Http11Processor.java:798)
	at org.apache.coyote.AbstractProcessorLight.process(AbstractProcessorLight.java:66)
	at org.apache.coyote.AbstractProtocol$ConnectionHandler.process(AbstractProtocol.java:808)
	at org.apache.tomcat.util.net.NioEndpoint$SocketProcessor.doRun(NioEndpoint.java:1498)
	at org.apache.tomcat.util.net.SocketProcessorBase.run(SocketProcessorBase.java:49)
	at java.util.concurrent.ThreadPoolExecutor.runWorker(ThreadPoolExecutor.java:1149)
	at java.util.concurrent.ThreadPoolExecutor$Worker.run(ThreadPoolExecutor.java:624)
	at org.apache.tomcat.util.threads.TaskThread$WrappingRunnable.run(TaskThread.java:61)
	at java.lang.Thread.run(Thread.java:748)
ERROR StackTrace - Full Stack Trace:
org.grails.gsp.GroovyPagesException: Error evaluating expression [this.asistencia.fecha.class] on line [16]: Cannot get property 'class' on null object
	at org.grails.gsp.GroovyPage.evaluate(GroovyPage.java:256)
	at home_nicolas_git_SistemaAsistencias_grails_app_views_asistencia_create_gsp$_run_closure2.doCall(home_nicolas_git_SistemaAsistencias_grails_app_views_asistencia_create_gsp:46)
	at org.grails.taglib.TagBodyClosure.executeClosure(TagBodyClosure.java:200)
	at org.grails.taglib.TagBodyClosure.captureClosureOutput(TagBodyClosure.java:102)
	at org.grails.taglib.TagBodyClosure.call(TagBodyClosure.java:213)
	at org.grails.plugins.web.taglib.SitemeshTagLib.captureTagContent(SitemeshTagLib.groovy:48)
	at org.grails.plugins.web.taglib.SitemeshTagLib$_closure3.doCall(SitemeshTagLib.groovy:156)
	at org.grails.gsp.GroovyPage.invokeTagLibClosure(GroovyPage.java:446)
	at org.grails.gsp.GroovyPage.invokeTag(GroovyPage.java:364)
	at home_nicolas_git_SistemaAsistencias_grails_app_views_asistencia_create_gsp.run(home_nicolas_git_SistemaAsistencias_grails_app_views_asistencia_create_gsp:84)
	at org.grails.gsp.GroovyPageWritable.doWriteTo(GroovyPageWritable.java:162)
	at org.grails.gsp.GroovyPageWritable.writeTo(GroovyPageWritable.java:82)
	at org.grails.web.servlet.view.GroovyPageView.renderTemplate(GroovyPageView.java:76)
	at org.grails.web.servlet.view.AbstractGrailsView.renderWithinGrailsWebRequest(AbstractGrailsView.java:71)
	at org.grails.web.servlet.view.AbstractGrailsView.renderMergedOutputModel(AbstractGrailsView.java:55)
	at org.springframework.web.servlet.view.AbstractView.render(AbstractView.java:304)
	at org.grails.web.sitemesh.GrailsLayoutView.renderInnerView(GrailsLayoutView.java:150)
	at org.grails.web.sitemesh.GrailsLayoutView.obtainContent(GrailsLayoutView.java:128)
	at org.grails.web.sitemesh.GrailsLayoutView.renderTemplate(GrailsLayoutView.java:63)
	at org.grails.web.servlet.view.AbstractGrailsView.renderWithinGrailsWebRequest(AbstractGrailsView.java:71)
	at org.grails.web.servlet.view.AbstractGrailsView.renderMergedOutputModel(AbstractGrailsView.java:55)
	at org.springframework.web.servlet.view.AbstractView.render(AbstractView.java:304)
	at org.springframework.web.servlet.DispatcherServlet.render(DispatcherServlet.java:1286)
	at org.springframework.web.servlet.DispatcherServlet.processDispatchResult(DispatcherServlet.java:1041)
	at org.springframework.web.servlet.DispatcherServlet.doDispatch(DispatcherServlet.java:984)
	at org.springframework.web.servlet.DispatcherServlet.doService(DispatcherServlet.java:901)
	at org.springframework.web.servlet.FrameworkServlet.processRequest(FrameworkServlet.java:970)
	at org.springframework.web.servlet.FrameworkServlet.doGet(FrameworkServlet.java:861)
	at org.springframework.web.servlet.FrameworkServlet.service(FrameworkServlet.java:846)
	at org.springframework.boot.web.filter.ApplicationContextHeaderFilter.doFilterInternal(ApplicationContextHeaderFilter.java:54)
	at org.grails.web.servlet.mvc.GrailsWebRequestFilter.doFilterInternal(GrailsWebRequestFilter.java:77)
	at org.grails.web.filters.HiddenHttpMethodFilter.doFilterInternal(HiddenHttpMethodFilter.java:67)
	at java.util.concurrent.ThreadPoolExecutor.runWorker(ThreadPoolExecutor.java:1149)
	at java.util.concurrent.ThreadPoolExecutor$Worker.run(ThreadPoolExecutor.java:624)
	at java.lang.Thread.run(Thread.java:748)
Caused by: java.lang.NullPointerException: Cannot get property 'class' on null object
	at home_nicolas_git_SistemaAsistencias_grails_app_views_asistencia_create_gsp$_run_closure2$_closure19.doCall(home_nicolas_git_SistemaAsistencias_grails_app_views_asistencia_create_gsp:46)
	at org.grails.gsp.GroovyPage.evaluate(GroovyPage.java:253)
	... 34 common frames omitted
